INFO-FLOW: Workspace C:/Users/Shivank/Downloads/Sem2/VLSI/digit-recognition/digit_t1/base opened at Sat Apr 10 17:38:12 +0530 2021
Execute     config_clock -quiet -name default -period 10 -default=false 
INFO: [SYN 201-201] Setting up clock 'default' with a period of 10ns.
Execute     open_platform DefaultPlatform 
Execute     import_lib C:/Xilinx/Vivado/2019.1/common/technology/xilinx/kintexuplus/kintexuplus 
Execute       source C:/Xilinx/Vivado/2019.1/common/technology/xilinx/common/xilinx.lib 
Execute         source C:/Xilinx/Vivado/2019.1/common/technology/xilinx/interface/xilinx_interface.lib 
Execute           source C:/Xilinx/Vivado/2019.1/common/technology/xilinx/interface/plb46.lib 
Execute           source C:/Xilinx/Vivado/2019.1/common/technology/xilinx/interface/fsl.lib 
Execute           source C:/Xilinx/Vivado/2019.1/common/technology/xilinx/interface/axi4.lib 
Execute           source C:/Xilinx/Vivado/2019.1/common/technology/xilinx/interface/maxi.lib 
Execute           source C:/Xilinx/Vivado/2019.1/common/technology/xilinx/interface/saxilite.lib 
Execute         source C:/Xilinx/Vivado/2019.1/common/technology/xilinx/common/dsp48.lib 
Execute         source C:/Xilinx/Vivado/2019.1/common/technology/xilinx/ip/dds_compiler.lib 
Execute         source C:/Xilinx/Vivado/2019.1/common/technology/xilinx/ip/xfft.lib 
Execute         source C:/Xilinx/Vivado/2019.1/common/technology/xilinx/ip/xfir.lib 
Execute       source C:/Xilinx/Vivado/2019.1/common/technology/xilinx/common/xilinx.hlp 
Execute         source C:/Xilinx/Vivado/2019.1/common/technology/xilinx/common/target_info.tcl 
Execute         source C:/Xilinx/Vivado/2019.1/common/technology/xilinx/interface/xilinx_interface.hlp 
Execute           source C:/Xilinx/Vivado/2019.1/common/technology/xilinx/interface/maxi.hlp 
Execute           source C:/Xilinx/Vivado/2019.1/common/technology/xilinx/interface/saxilite.hlp 
Execute         source C:/Xilinx/Vivado/2019.1/common/technology/xilinx/common/dsp48.hlp 
Execute       source C:/Xilinx/Vivado/2019.1/common/technology/xilinx/kintexuplus/dsp48e2.hlp 
Execute       source C:/Xilinx/Vivado/2019.1/common/technology/xilinx/common/xilinx.hlp 
Execute         source C:/Xilinx/Vivado/2019.1/common/technology/xilinx/common/target_info.tcl 
Execute         source C:/Xilinx/Vivado/2019.1/common/technology/xilinx/interface/xilinx_interface.hlp 
Execute           source C:/Xilinx/Vivado/2019.1/common/technology/xilinx/interface/maxi.hlp 
Execute           source C:/Xilinx/Vivado/2019.1/common/technology/xilinx/interface/saxilite.hlp 
Execute         source C:/Xilinx/Vivado/2019.1/common/technology/xilinx/common/dsp48.hlp 
Execute     source C:/Xilinx/Vivado/2019.1/common/technology/xilinx/kintexuplus/kintexuplus.gen 
Execute       source C:/Xilinx/Vivado/2019.1/common/technology/xilinx/common/xilinx.gen 
Execute         source C:/Xilinx/Vivado/2019.1/common/technology/xilinx/interface/plb46.gen 
Execute         source C:/Xilinx/Vivado/2019.1/common/technology/xilinx/interface/fsl.gen 
Execute         source C:/Xilinx/Vivado/2019.1/common/technology/xilinx/interface/axi4.gen 
Execute         source C:/Xilinx/Vivado/2019.1/common/technology/xilinx/interface/nativeAXI4.gen 
Execute           source C:/Xilinx/Vivado/2019.1/common/technology/xilinx/interface/saxilite.gen 
Execute           source C:/Xilinx/Vivado/2019.1/common/technology/xilinx/interface/maxi.gen 
Execute         source C:/Xilinx/Vivado/2019.1/common/technology/xilinx/scripts/xilinxcoregen.gen 
Execute         source C:/Xilinx/Vivado/2019.1/common/technology/xilinx/interface/XilEDKCoreGen.gen 
Execute         source C:/Xilinx/Vivado/2019.1/common/technology/xilinx/ip/dds_compiler.gen 
Execute         source C:/Xilinx/Vivado/2019.1/common/technology/xilinx/ip/util.gen 
Execute         source C:/Xilinx/Vivado/2019.1/common/technology/xilinx/ip/xfft.gen 
Execute         source C:/Xilinx/Vivado/2019.1/common/technology/xilinx/ip/xfir.gen 
Execute         source C:/Xilinx/Vivado/2019.1/common/technology/xilinx/common/dsp48.gen 
Command       ap_source done; 0.103 sec.
Command     ap_source done; 0.103 sec.
Execute     open_platform DefaultPlatform 
Execute     import_lib C:/Xilinx/Vivado/2019.1/common/technology/xilinx/kintexuplus/kintexuplus_fpv7 
Execute       source C:/Xilinx/Vivado/2019.1/common/technology/xilinx/common/xilinx_fp.lib 
Execute       source C:/Xilinx/Vivado/2019.1/common/technology/xilinx/common/xilinx_fp.hlp 
Execute         source C:/Xilinx/Vivado/2019.1/common/technology/xilinx/common/xilinx.hlp 
Execute           source C:/Xilinx/Vivado/2019.1/common/technology/xilinx/common/target_info.tcl 
Execute           source C:/Xilinx/Vivado/2019.1/common/technology/xilinx/interface/xilinx_interface.hlp 
Execute             source C:/Xilinx/Vivado/2019.1/common/technology/xilinx/interface/maxi.hlp 
Execute             source C:/Xilinx/Vivado/2019.1/common/technology/xilinx/interface/saxilite.hlp 
Execute           source C:/Xilinx/Vivado/2019.1/common/technology/xilinx/common/dsp48.hlp 
Execute     source C:/Xilinx/Vivado/2019.1/common/technology/xilinx/kintexuplus/kintexuplus_fpv7.gen 
Execute       source C:/Xilinx/Vivado/2019.1/common/technology/xilinx/common/xilinx_fp.gen 
Execute     set_part xcku5p-ffvb676-2-e 
Execute       ap_part_info -name xcku5p-ffvb676-2-e -data single -quiet 
Command       ap_part_info done; 0.411 sec.
Execute       ap_part_info -name xcku5p-ffvb676-2-e -data info 
Execute       add_library xilinx/kintexuplus/kintexuplus:xcku5p:-ffvb676:-2-e 
Execute         get_default_platform 
Execute         license_isbetapart xcku5p 
Command         license_isbetapart done; error code: 1; 
Execute         ap_part_info -data single -name xcku5p-ffvb676-2-e 
Execute         ap_part_info -name xcku5p-ffvb676-2-e -data resources 
Execute         ap_part_info -name xcku5p-ffvb676-2-e -data info 
Execute         ap_part_info -name xcku5p-ffvb676-2-e -data info 
Execute         config_chip_info -quiet -resource {SLICE 27120} {LUT 216960} {FF 433920} {DSP48E 1824} {BRAM 960} {URAM 64} 
Execute         ap_part_info -name xcku5p-ffvb676-2-e -data info 
Execute         config_chip_info -quiet -speed medium 
Execute       add_library xilinx/kintexuplus/kintexuplus_fpv7 
Execute         get_default_platform 
Execute         open_platform DefaultPlatform 
Execute         import_lib C:/Xilinx/Vivado/2019.1/common/technology/xilinx/kintexuplus/kintexuplus_fpv7 
Execute           source C:/Xilinx/Vivado/2019.1/common/technology/xilinx/common/xilinx_fp.lib 
Execute           source C:/Xilinx/Vivado/2019.1/common/technology/xilinx/common/xilinx_fp.hlp 
Execute             source C:/Xilinx/Vivado/2019.1/common/technology/xilinx/common/xilinx.hlp 
Execute               source C:/Xilinx/Vivado/2019.1/common/technology/xilinx/common/target_info.tcl 
Execute               source C:/Xilinx/Vivado/2019.1/common/technology/xilinx/interface/xilinx_interface.hlp 
Execute                 source C:/Xilinx/Vivado/2019.1/common/technology/xilinx/interface/maxi.hlp 
Execute                 source C:/Xilinx/Vivado/2019.1/common/technology/xilinx/interface/saxilite.hlp 
Execute               source C:/Xilinx/Vivado/2019.1/common/technology/xilinx/common/dsp48.hlp 
Execute         source C:/Xilinx/Vivado/2019.1/common/technology/xilinx/kintexuplus/kintexuplus_fpv7.gen 
Execute           source C:/Xilinx/Vivado/2019.1/common/technology/xilinx/common/xilinx_fp.gen 
INFO: [HLS 200-10] Setting target device to 'xcku5p-ffvb676-2-e'
Execute       ap_part_info -name xcku5p-ffvb676-2-e -data info 
Execute       get_default_platform 
Command     set_part done; 0.502 sec.
Execute     ap_part_info -data single -name xcku5p-ffvb676-2-e 
Execute     ap_part_info -name xcku5p-ffvb676-2-e -data resources 
Execute     ap_part_info -name xcku5p-ffvb676-2-e -data info 
Execute     ap_part_info -name xcku5p-ffvb676-2-e -data info 
Execute     config_chip_info -quiet -resource {SLICE 27120} {LUT 216960} {FF 433920} {DSP48E 1824} {BRAM 960} {URAM 64} 
Execute     ap_part_info -name xcku5p-ffvb676-2-e -data info 
Execute     config_chip_info -quiet -speed medium 
Command   open_solution done; 0.65 sec.
Execute   set_part xcku5p-ffvb676-2-e -tool vivado 
Execute     ap_part_info -name xcku5p-ffvb676-2-e -data single -quiet 
Execute     ap_part_info -name xcku5p-ffvb676-2-e -data info 
Execute     add_library xilinx/kintexuplus/kintexuplus:xcku5p:-ffvb676:-2-e 
Execute       get_default_platform 
Execute       license_isbetapart xcku5p 
Command       license_isbetapart done; error code: 1; 
Execute       ap_part_info -data single -name xcku5p-ffvb676-2-e 
Execute       ap_part_info -name xcku5p-ffvb676-2-e -data resources 
Execute       ap_part_info -name xcku5p-ffvb676-2-e -data info 
Execute       ap_part_info -name xcku5p-ffvb676-2-e -data info 
Execute       config_chip_info -quiet -resource {SLICE 27120} {LUT 216960} {FF 433920} {DSP48E 1824} {BRAM 960} {URAM 64} 
Execute       ap_part_info -name xcku5p-ffvb676-2-e -data info 
Execute       config_chip_info -quiet -speed medium 
Execute     add_library xilinx/kintexuplus/kintexuplus_fpv7 
Execute       get_default_platform 
Execute       open_platform DefaultPlatform 
Execute       import_lib C:/Xilinx/Vivado/2019.1/common/technology/xilinx/kintexuplus/kintexuplus_fpv7 
Execute         source C:/Xilinx/Vivado/2019.1/common/technology/xilinx/common/xilinx_fp.lib 
Execute         source C:/Xilinx/Vivado/2019.1/common/technology/xilinx/common/xilinx_fp.hlp 
Execute           source C:/Xilinx/Vivado/2019.1/common/technology/xilinx/common/xilinx.hlp 
Execute             source C:/Xilinx/Vivado/2019.1/common/technology/xilinx/common/target_info.tcl 
Execute             source C:/Xilinx/Vivado/2019.1/common/technology/xilinx/interface/xilinx_interface.hlp 
Execute               source C:/Xilinx/Vivado/2019.1/common/technology/xilinx/interface/maxi.hlp 
Execute               source C:/Xilinx/Vivado/2019.1/common/technology/xilinx/interface/saxilite.hlp 
Execute             source C:/Xilinx/Vivado/2019.1/common/technology/xilinx/common/dsp48.hlp 
Execute       source C:/Xilinx/Vivado/2019.1/common/technology/xilinx/kintexuplus/kintexuplus_fpv7.gen 
Execute         source C:/Xilinx/Vivado/2019.1/common/technology/xilinx/common/xilinx_fp.gen 
Execute     ap_part_info -name xcku5p-ffvb676-2-e -data info 
Execute     get_default_platform 
Execute   create_clock -period 10 -name default 
Execute   csynth_design 
Execute     get_config_compile -dump_cfg 
Execute     get_config_compile -effort 
Execute     get_config_compile -enable_clang39 
Execute     get_config_compile -g 
Execute     get_config_compile -ng 
Execute     get_config_compile -opt_fp 
Execute     get_config_compile -skip_cdt 
Execute     get_config_compile -skip_syncheck 
Execute     get_config_compile -skip_transform 
Execute     get_config_compile -keep_printf 
Execute     elaborate -effort=medium -skip_syncheck=0 -keep_printf=0 -skip_cdt=0 -skip_transform=0 -ng=0 -g=0 -opt_fp=0 -from_csynth_design=1 
Execute       get_config_schedule -relax_ii_for_timing 
INFO: [SCHED 204-61] Option 'relax_ii_for_timing' is enabled, will increase II to preserve clock frequency constraints.
Execute       get_config_schedule -suppress_dependence_error_break 
INFO: [HLS 200-10] Analyzing design file 'digitrec.cpp' ... 
INFO-FLOW: Compiling one TU...
Execute       is_m_axi_addr64 
INFO-FLOW: Handling digitrec.cpp as C++
Execute       ap_part_info -name xcku5p-ffvb676-2-e -data info 
Execute       is_encrypted digitrec.cpp 
Execute       ap_part_info -name xcku5p-ffvb676-2-e -data info 
INFO-FLOW: Running: GCC PP
INFO-FLOW: Source preprocessing
Execute       clang  -fno-limit-debug-info -gcc-toolchain "C:/Xilinx/Vivado/2019.1/msys" -hls  -fno-exceptions  -D__llvm__  -E "digitrec.cpp"     -fno-math-errno -c -emit-llvm -O0  -mllvm -disable-llvm-optzns -fno-threadsafe-statics  -fno-use-cxa-atexit  -fno-threadsafe-statics -fno-use-cxa-atexit -D__CLANG_3_1__ -D__cdecl= -DAESL_SYN -D__SYNTHESIS__ -D__HLS_SYN__ -I "C:/Xilinx/Vivado/2019.1/common/technology/autopilot" -I "C:/Xilinx/Vivado/2019.1/common/technology/autopilot/ap_sysc" -include etc/autopilot_ssdm_op.h -D__DSP48E2__  -o "C:/Users/Shivank/Downloads/Sem2/VLSI/digit-recognition/digit_t1/base/.autopilot/db/digitrec.pp.0.cpp" 
INFO-FLOW: exec C:/Xilinx/Vivado/2019.1/win64/tools/clang/bin/clang -fno-limit-debug-info -gcc-toolchain C:/Xilinx/Vivado/2019.1/msys -hls -fno-exceptions -D__llvm__ -E digitrec.cpp -fno-math-errno -c -emit-llvm -O0 -mllvm -disable-llvm-optzns -fno-threadsafe-statics -fno-use-cxa-atexit -fno-threadsafe-statics -fno-use-cxa-atexit -D__CLANG_3_1__ -D__cdecl= -DAESL_SYN -D__SYNTHESIS__ -D__HLS_SYN__ -I C:/Xilinx/Vivado/2019.1/common/technology/autopilot -I C:/Xilinx/Vivado/2019.1/common/technology/autopilot/ap_sysc -include etc/autopilot_ssdm_op.h -D__DSP48E2__ -o C:/Users/Shivank/Downloads/Sem2/VLSI/digit-recognition/digit_t1/base/.autopilot/db/digitrec.pp.0.cpp
Command       clang done; 0.916 sec.
Execute       tidy_31 xilinx-xfmat-array-geometry C:/Users/Shivank/Downloads/Sem2/VLSI/digit-recognition/digit_t1/base/.autopilot/db/digitrec.pp.0.cpp std=gnu++98 
INFO-FLOW: exec C:/Xilinx/Vivado/2019.1/win64/tools/clang-3.9-csynth/bin/tidy-3.1 -header-filter=.* -checks=-*,xilinx-xfmat-array-geometry -quiet -fix C:/Users/Shivank/Downloads/Sem2/VLSI/digit-recognition/digit_t1/base/.autopilot/db/digitrec.pp.0.cpp -- -std=gnu++98 -fhls -ferror-limit=0
Command       tidy_31 done; 0.423 sec.
INFO-FLOW: Syntax Checking before pre-processing...
Execute       clang -syntaxcheck -src C:/Users/Shivank/Downloads/Sem2/VLSI/digit-recognition/digit_t1/base/.autopilot/db/digitrec.pp.0.cpp  -fno-limit-debug-info -gcc-toolchain "C:/Xilinx/Vivado/2019.1/msys" -hls    -fno-math-errno -c -emit-llvm -O0  -mllvm -disable-llvm-optzns -fno-threadsafe-statics  -fno-use-cxa-atexit  -fno-threadsafe-statics -fno-use-cxa-atexit -D__CLANG_3_1__ -D__cdecl= -DAESL_SYN -D__SYNTHESIS__ -D__HLS_SYN__ -I "C:/Xilinx/Vivado/2019.1/common/technology/autopilot" -I "C:/Xilinx/Vivado/2019.1/common/technology/autopilot/ap_sysc" -include etc/autopilot_ssdm_op.h -D__DSP48E2__  "C:/Users/Shivank/Downloads/Sem2/VLSI/digit-recognition/digit_t1/base/.autopilot/db/digitrec.pp.0.cpp"  -o "C:/Users/Shivank/Downloads/Sem2/VLSI/digit-recognition/digit_t1/base/.autopilot/db/useless.bc"  
INFO-FLOW: exec C:/Xilinx/Vivado/2019.1/win64/tools/clang/bin/clang -fno-limit-debug-info -gcc-toolchain C:/Xilinx/Vivado/2019.1/msys -hls -fno-math-errno -c -emit-llvm -O0 -mllvm -disable-llvm-optzns -fno-threadsafe-statics -fno-use-cxa-atexit -fno-threadsafe-statics -fno-use-cxa-atexit -D__CLANG_3_1__ -D__cdecl= -DAESL_SYN -D__SYNTHESIS__ -D__HLS_SYN__ -I C:/Xilinx/Vivado/2019.1/common/technology/autopilot -I C:/Xilinx/Vivado/2019.1/common/technology/autopilot/ap_sysc -include etc/autopilot_ssdm_op.h -D__DSP48E2__ C:/Users/Shivank/Downloads/Sem2/VLSI/digit-recognition/digit_t1/base/.autopilot/db/digitrec.pp.0.cpp -o C:/Users/Shivank/Downloads/Sem2/VLSI/digit-recognition/digit_t1/base/.autopilot/db/useless.bc
Command       clang done; 1.115 sec.
INFO-FLOW: Done: GCC PP time: 2.5 seconds per iteration
Execute       source C:/Xilinx/Vivado/2019.1/tps/tcl/tcllib1.11.1/yaml/huddle.tcl 
Execute       source C:/Xilinx/Vivado/2019.1/tps/tcl/tcllib1.11.1/yaml/json2huddle.tcl 
Execute         source C:/Xilinx/Vivado/2019.1/tps/tcl/tcllib1.11.1/try/try.tcl 
Execute       list_core -type functional_unit 
Execute       tidy_31 xilinx-systemc-detector C:/Users/Shivank/Downloads/Sem2/VLSI/digit-recognition/digit_t1/base/.autopilot/db/digitrec.pp.0.cpp std=gnu++98 -directive=C:/Users/Shivank/Downloads/Sem2/VLSI/digit-recognition/digit_t1/base/.autopilot/db/.systemc_flag 
INFO-FLOW: exec C:/Xilinx/Vivado/2019.1/win64/tools/clang-3.9-csynth/bin/tidy-3.1 -header-filter=.* -checks=-*,xilinx-systemc-detector -import-directive=C:/Users/Shivank/Downloads/Sem2/VLSI/digit-recognition/digit_t1/base/.autopilot/db/.systemc_flag -quiet -fix-errors C:/Users/Shivank/Downloads/Sem2/VLSI/digit-recognition/digit_t1/base/.autopilot/db/digitrec.pp.0.cpp -- -std=gnu++98 -fhls -ferror-limit=0
Command       tidy_31 done; 0.399 sec.
INFO-FLOW: Running: tidy-3.1 CDT preprocess
Execute       tidy_31 xilinx-directive2pragma C:/Users/Shivank/Downloads/Sem2/VLSI/digit-recognition/digit_t1/base/.autopilot/db/digitrec.pp.0.cpp std=gnu++98 -directive=C:/Users/Shivank/Downloads/Sem2/VLSI/digit-recognition/digit_t1/base/.autopilot/db/all.directive.json 
INFO-FLOW: exec C:/Xilinx/Vivado/2019.1/win64/tools/clang-3.9-csynth/bin/tidy-3.1 -header-filter=.* -checks=-*,xilinx-directive2pragma -import-directive=C:/Users/Shivank/Downloads/Sem2/VLSI/digit-recognition/digit_t1/base/.autopilot/db/all.directive.json -quiet -fix-errors C:/Users/Shivank/Downloads/Sem2/VLSI/digit-recognition/digit_t1/base/.autopilot/db/digitrec.pp.0.cpp -- -std=gnu++98 -fhls -ferror-limit=0
Command       tidy_31 done; 0.395 sec.
Execute       get_config_dataflow -strict_mode 
Execute       ap_eval exec -ignorestderr C:/Xilinx/Vivado/2019.1/win64/tools/clang-3.9-csynth/bin/xilinx-dataflow-lawyer -export-fixes=C:/Users/Shivank/Downloads/Sem2/VLSI/digit-recognition/digit_t1/base/.autopilot/db/xilinx-dataflow-lawyer.digitrec.pp.0.cpp.diag.yml C:/Users/Shivank/Downloads/Sem2/VLSI/digit-recognition/digit_t1/base/.autopilot/db/digitrec.pp.0.cpp -- -std=gnu++98 -fhls -ferror-limit=0 -fstrict-dataflow > C:/Users/Shivank/Downloads/Sem2/VLSI/digit-recognition/digit_t1/base/.autopilot/db/xilinx-dataflow-lawyer.digitrec.pp.0.cpp.out.log 2> C:/Users/Shivank/Downloads/Sem2/VLSI/digit-recognition/digit_t1/base/.autopilot/db/xilinx-dataflow-lawyer.digitrec.pp.0.cpp.err.log 
Command       ap_eval done; 0.258 sec.
Execute       tidy_31 -errorcheck xilinx-constantarray-param,xilinx-resource-pragma-transformer,xilinx-xfmat-array-geometry C:/Users/Shivank/Downloads/Sem2/VLSI/digit-recognition/digit_t1/base/.autopilot/db/digitrec.pp.0.cpp std=gnu++98 
Execute         ap_eval exec -ignorestderr C:/Xilinx/Vivado/2019.1/win64/tools/clang-3.9-csynth/bin/tidy-3.1 -export-fixes=C:/Users/Shivank/Downloads/Sem2/VLSI/digit-recognition/digit_t1/base/.autopilot/db/tidy-3.1.digitrec.pp.0.cpp.diag.yml -header-filter=.* -checks=-*,xilinx-constantarray-param,xilinx-resource-pragma-transformer,xilinx-xfmat-array-geometry -quiet -fix-errors C:/Users/Shivank/Downloads/Sem2/VLSI/digit-recognition/digit_t1/base/.autopilot/db/digitrec.pp.0.cpp -- -std=gnu++98 -fhls -ferror-limit=0 > C:/Users/Shivank/Downloads/Sem2/VLSI/digit-recognition/digit_t1/base/.autopilot/db/tidy-3.1.digitrec.pp.0.cpp.out.log 2> C:/Users/Shivank/Downloads/Sem2/VLSI/digit-recognition/digit_t1/base/.autopilot/db/tidy-3.1.digitrec.pp.0.cpp.err.log 
Command         ap_eval done; 0.883 sec.
Execute         source C:/Xilinx/Vivado/2019.1/tps/tcl/tcllib1.11.1/yaml/yaml.tcl 
Execute           source C:/Xilinx/Vivado/2019.1/tps/tcl/tcllib1.11.1/cmdline/cmdline.tcl 
Execute         ap_eval exec -ignorestderr C:/Xilinx/Vivado/2019.1/win64/tools/clang-3.9-csynth/bin/xilinx-legacy-rewriter C:/Users/Shivank/Downloads/Sem2/VLSI/digit-recognition/digit_t1/base/.autopilot/db/digitrec.pp.0.cpp -- -std=gnu++98 -fhls -ferror-limit=0 > C:/Users/Shivank/Downloads/Sem2/VLSI/digit-recognition/digit_t1/base/.autopilot/db/xilinx-legacy-rewriter.digitrec.pp.0.cpp.out.log 2> C:/Users/Shivank/Downloads/Sem2/VLSI/digit-recognition/digit_t1/base/.autopilot/db/xilinx-legacy-rewriter.digitrec.pp.0.cpp.err.log 
Command         ap_eval done; 0.252 sec.
Command       tidy_31 done; 1.161 sec.
INFO-FLOW: Done: tidy-3.1 CDT preprocess time: 1.8 seconds per iteration
INFO-FLOW: Pragma Handling...
Execute       tidy_31 xilinx-ssdm-intrinsics-arguments C:/Users/Shivank/Downloads/Sem2/VLSI/digit-recognition/digit_t1/base/.autopilot/db/digitrec.pragma.1.cpp std=gnu++98 
INFO-FLOW: exec C:/Xilinx/Vivado/2019.1/win64/tools/clang-3.9-csynth/bin/tidy-3.1 -header-filter=.* -checks=-*,xilinx-ssdm-intrinsics-arguments -quiet -fix-errors C:/Users/Shivank/Downloads/Sem2/VLSI/digit-recognition/digit_t1/base/.autopilot/db/digitrec.pragma.1.cpp -- -std=gnu++98 -fhls -ferror-limit=0
Command       tidy_31 done; 0.462 sec.
Execute       ap_part_info -name xcku5p-ffvb676-2-e -data info 
INFO-FLOW: Processing labels
Execute       clang -src C:/Users/Shivank/Downloads/Sem2/VLSI/digit-recognition/digit_t1/base/.autopilot/db/digitrec.pragma.2.cpp  -fno-limit-debug-info -gcc-toolchain C:/Xilinx/Vivado/2019.1/msys -hls -hls-analyze-label -hls-analyze-pragma -fno-exceptions  -D__llvm__  -w  "C:/Users/Shivank/Downloads/Sem2/VLSI/digit-recognition/digit_t1/base/.autopilot/db/digitrec.pragma.2.cpp"    -fno-math-errno -c -emit-llvm -O0  -mllvm -disable-llvm-optzns -fno-threadsafe-statics  -fno-use-cxa-atexit -DAESL_SYN -D__SYNTHESIS__ -D__HLS_SYN__ -I "C:/Xilinx/Vivado/2019.1/common/technology/autopilot" -I "C:/Xilinx/Vivado/2019.1/common/technology/autopilot/ap_sysc" -include etc/autopilot_ssdm_op.h -D__DSP48E2__ -g -o "C:/Users/Shivank/Downloads/Sem2/VLSI/digit-recognition/digit_t1/base/.autopilot/db/digitrec.bc" 
INFO-FLOW: exec C:/Xilinx/Vivado/2019.1/win64/tools/clang/bin/clang -fno-limit-debug-info -gcc-toolchain C:/Xilinx/Vivado/2019.1/msys -hls -hls-analyze-label -hls-analyze-pragma -fno-exceptions -D__llvm__ -w C:/Users/Shivank/Downloads/Sem2/VLSI/digit-recognition/digit_t1/base/.autopilot/db/digitrec.pragma.2.cpp -fno-math-errno -c -emit-llvm -O0 -mllvm -disable-llvm-optzns -fno-threadsafe-statics -fno-use-cxa-atexit -DAESL_SYN -D__SYNTHESIS__ -D__HLS_SYN__ -I C:/Xilinx/Vivado/2019.1/common/technology/autopilot -I C:/Xilinx/Vivado/2019.1/common/technology/autopilot/ap_sysc -include etc/autopilot_ssdm_op.h -D__DSP48E2__ -g -o C:/Users/Shivank/Downloads/Sem2/VLSI/digit-recognition/digit_t1/base/.autopilot/db/digitrec.bc
Command       clang done; 1.147 sec.
INFO-FLOW: Linking Debug ...
Execute       llvm-ld C:/Users/Shivank/Downloads/Sem2/VLSI/digit-recognition/digit_t1/base/.autopilot/db/digitrec.g.bc -hls-opt -except-internalize DigitRec -LC:/Xilinx/Vivado/2019.1/win64/lib -lhlsm -lhlsmc++ -o C:/Users/Shivank/Downloads/Sem2/VLSI/digit-recognition/digit_t1/base/.autopilot/db/a.g 
Command       llvm-ld done; 0.862 sec.
INFO: [HLS 200-111] Finished Linking Time (s): cpu = 00:00:00 ; elapsed = 00:00:08 . Memory (MB): peak = 175.383 ; gain = 83.852
INFO: [HLS 200-111] Finished Checking Pragmas Time (s): cpu = 00:00:00 ; elapsed = 00:00:08 . Memory (MB): peak = 175.383 ; gain = 83.852
Execute       get_config_sdx -target 
Execute       opt_and_import_c a -opt_level=2 -skip_syncheck=0 -ng=0 -keep_printf=0 
Execute         cleanup_all_models 
INFO: [HLS 200-10] Starting code transformations ...
Execute         transform -promote-dbg-pointer C:/Users/Shivank/Downloads/Sem2/VLSI/digit-recognition/digit_t1/base/.autopilot/db/a.pp.bc -o C:/Users/Shivank/Downloads/Sem2/VLSI/digit-recognition/digit_t1/base/.autopilot/db/a.pp.0.bc -f 
Execute         llvm-ld C:/Users/Shivank/Downloads/Sem2/VLSI/digit-recognition/digit_t1/base/.autopilot/db/a.pp.0.bc -disable-opt -LC:/Xilinx/Vivado/2019.1/win64/lib -lfloatconversion -o C:/Users/Shivank/Downloads/Sem2/VLSI/digit-recognition/digit_t1/base/.autopilot/db/a.g.0 
Command         llvm-ld done; 0.444 sec.
INFO-FLOW: Running Standard Transforms...
Execute         transform -hls -share-std-xform -demangle-name -inline-byval-memcpy -always-inline -promote-dbg-pointer -interface-preproc -mem2reg -scalarrepl -mem2reg -keep-read-access -instcombine -dce -promote-dbg-pointer -bitop-raise -loop-simplify -indvarspre -indvars -loop-simplify -xunroll -constprop -instcombine -simplifycfg -indvars -simplifycfg -dce -globaldce -basicaa -simplifycfg -mem2reg -globalopt -global-constprop -deadargelim -instcombine -simplifycfg -prune-eh -simplifycfg -scalarrepl -instcombine -reassociate -licm -simplifycfg -loop-simplify -indvars -instcombine -simplifycfg -mem2reg -loop-simplify -indvars -instcombine -gvn -gvn -instcombine -adce -break-crit-edges -simplifycfg -loop-delete -global-array-opt -dce -dse -adce -find-syn-modules -top DigitRec -deadargelim -mem2reg -instcombine -dce -presyn-prepare -auto-rom-infer -interface-preproc -syn-check -check-rec-only -find-region -simplifycfg -func-extr -function-inline -globaldce -mem2reg -instcombine -dce -gvn -globaldce -adce -adse -constprop -instcombine -bit-constprop -instcombine -dce -simplifycfg -bitop-raise -simplifycfg -dce -loop-delete -reassociate -globalopt -global-privatize -mem2reg -dce -global-constprop -pointer-simplify -constprop -dce -func-inst -deadargelim -auto-shift-reg-idiom -promote-dbg-pointer -norm-name C:/Users/Shivank/Downloads/Sem2/VLSI/digit-recognition/digit_t1/base/.autopilot/db/a.g.0.bc -o C:/Users/Shivank/Downloads/Sem2/VLSI/digit-recognition/digit_t1/base/.autopilot/db/a.g.1.bc -f -phase std-opt 
INFO: [HLS 200-111] Finished Standard Transforms Time (s): cpu = 00:00:00 ; elapsed = 00:00:09 . Memory (MB): peak = 175.383 ; gain = 83.852
INFO: [HLS 200-10] Checking synthesizability ...
INFO-FLOW: Checking Synthesizability 1/2..
Execute         transform -hls -syn-check -check-rec-only -disaggr -scalarrepl -norm-name -dce -mem2reg -instcombine -function-uniquify -directive-preproc -mem2reg -dse -dce -auto-rom-infer -dce -pag -array-normalize -instcombine -dce -warn-fifo-pointer -array-seg-normalize -instcombine -dce -array-flatten -instcombine -dce -array-burst -dce -deadargelim -promote-global-argument -simplifycfg -mem2reg -globaldce -dce -deadargelim -dce -instcombine -function-inline -globaldce -dce -doublePtrSimplify -doublePtrElim -dce -doublePtrSimplify -promote-dbg-pointer -dce -scalarrepl -dse -adse -instcombine -ptrLegalization -simplifycfg -dce -instcombine -pointer-simplify -ptrArgReplace -dce -instcombine -resolve-double-ptr -disaggr -scalarrepl -norm-name -dce -mem2reg -instcombine -ptrLegalization -simplifycfg -deadargelim -instcombine -dce -inst-simplify -function-uniquify -directive-preproc -mem2reg -dse -dce -globaldce -check-dspbuiltin C:/Users/Shivank/Downloads/Sem2/VLSI/digit-recognition/digit_t1/base/.autopilot/db/a.g.1.bc -o C:/Users/Shivank/Downloads/Sem2/VLSI/digit-recognition/digit_t1/base/.autopilot/db/a.g.2.prechk.bc -f 
INFO: [XFORM 203-602] Inlining function 'popcount' into 'update_knn' (digitrec.cpp:35) automatically.
INFO-FLOW: Checking Synthesizability 2/2..
Execute         transform -syn-check C:/Users/Shivank/Downloads/Sem2/VLSI/digit-recognition/digit_t1/base/.autopilot/db/a.g.2.prechk.bc -o C:/Users/Shivank/Downloads/Sem2/VLSI/digit-recognition/digit_t1/base/.autopilot/db/a.g.2.bc -f -phase syn-check 
WARNING: [SYNCHK 200-23] digitrec.cpp:18: variable-indexed range selection may cause suboptimal QoR.
INFO: [SYNCHK 200-10] 0 error(s), 1 warning(s).
INFO: [HLS 200-111] Finished Checking Synthesizability Time (s): cpu = 00:00:01 ; elapsed = 00:00:09 . Memory (MB): peak = 175.383 ; gain = 83.852
INFO-FLOW: Compiler optimizing ...
INFO-FLOW: Share syncheck's 1.bc for syn flow: copy C:/Users/Shivank/Downloads/Sem2/VLSI/digit-recognition/digit_t1/base/.autopilot/db/a.g.1.bc to C:/Users/Shivank/Downloads/Sem2/VLSI/digit-recognition/digit_t1/base/.autopilot/db/a.o.1.bc
INFO-FLOW: Presyn 1...
Execute         transform -hls -tmp C:/Users/Shivank/Downloads/Sem2/VLSI/digit-recognition/digit_t1/base/.autopilot/db -interface-port-rename -type-info -function-uniquify -directive-preproc -mem2reg -dse -dce -disaggr -scalarrepl -norm-name -deadargelim -mem2reg -instcombine -dce -simplifycfg -auto-rom-infer -dce -function-uniquify -resource-proc -clib-intrinsic-prepare -dce -func-buffer -dce -pag -array-normalize -func-legal -instcombine -gvn -constprop -dce -simplifycfg -mem2reg -globaldce -resolve-double-ptr -dce -deadargelim -dce -instcombine -ptrArgReplace -mem2reg -dce -array-seg-normalize -deadargelim -instcombine -dce -pointer-simplify -dce -port-alignment -dce -interface-preproc -data-pack -instcombine -dce -basicaa -aggr-aa -aggrmodref-aa -aggr-aa -gvn -gvn -basicaa -aggr-aa -aggrmodref-aa -aggr-aa -dse -adse -adce -loop-simplify -indvars -instcombine -gvn -loop-simplify -mem2reg -dce -find-region -instcombine -auto-loop-pipeline -inst-simplify -interface-preproc -cfgopt -instcombine -indvars -auto-loop-unroll -loop-simplify -loop-bound -xunroll -constprop -instcombine -simplifycfg -indvars -simplifycfg -dce -globaldce -clean-region -attach-range -gvn -inst-simplify -constprop -simplifycfg -dce -pointer-simplify -dce -globalopt -constprop -dce -array-promote -constprop -dce -ptrArgReplace -mem2reg -simplifycfg -dce -auto-par -instcombine -dce -array-transform-check -array-reshape -instcombine -simplifycfg -dce -ptrArgReplace -deadargelim -mem2reg -instcombine -simplifycfg -dce -indvars -loop-simplify -loop-bound -xunroll -constprop -instcombine -simplifycfg -indvars -simplifycfg -dce -globaldce -basicaa -aggr-aa -aggrmodref-aa -aggr-aa -dse -duplicate-dataflow-processes -globaldce -instcombine -array-partition -instcombine -simplifycfg -dce -ptrArgReplace -global-constprop -deadargelim -mem2reg -func-legal -dce -global-constprop -deadargelim -mem2reg -simplifycfg -dce -merge-param -deadargelim -globalopt -constprop -dce -array-promote -constprop -dce -ptrArgReplace -mem2reg -simplifycfg -dce -mem-intrinsic-preproc -dce -global-internalize -global-privatize -mem2reg -globaldce -promote-global-argument -ptrArgReplace -mem2reg -dce -globalopt -mergereturn -simplify-global-access -mem2reg -dce -pointer-simplify -dce -functionattrs -basicaa -aggr-aa -aggrmodref-aa -aggr-aa -gvn -gvn -basicaa -aggr-aa -aggrmodref-aa -aggr-aa -dse -adse -adce -dce -norm-name -function-inline -complex-op-raise -inst-simplify -globaldce -func-inst -constprop -instcombine -simplifycfg -dce -func-legal -dce -loop-bound -arraycheck -bitwidthmin -on-by-dataflow -loop-delete -instcombine -simplifycfg -globaldce -dce -gvn -deadargelim -dce -loop-simplify -clean-region -simplifycfg -propagate-stable-arguments -loop-stream -instcombine -simplifycfg -dce -globaldce -duplicate-dataflow-processes -stream-intrinsic-preproc -dce -check-ap-stream -loop-simplify -eliminate-keepreads -extract-dataflow-in-loop -loop-simplify -dce -gvn -deadargelim -dse -check-dataflow-syntax -legalize-stream-variable -legalize-global -extract-subproc -dce -dead-channel-elimination -canonicalize-gep -globaldce -dce -gvn -deadargelim -annotate-dataflow-channels -scalar-propagation -deadargelim -globaldce -mem2reg -check-dataflow-channels -function-stream -dce -globaldce -prop-fifo-spec -internal-stream-gen -canonicalize-gep -globaldce -dce -gvn -deadargelim -mergereturn -indvars -loop-simplify -instcombine -array-stream -array-seg-normalize -array-partition -func-legal -instcombine -simplifycfg -dce -bundle-memfifo-ops -deadargelim -function-uniquify -directive-preproc -mem2reg -dse -dce -group-axi-access -licm -simplifycfg -dce -loop-delete -norm-name C:/Users/Shivank/Downloads/Sem2/VLSI/digit-recognition/digit_t1/base/.autopilot/db/a.o.1.bc -o C:/Users/Shivank/Downloads/Sem2/VLSI/digit-recognition/digit_t1/base/.autopilot/db/a.o.1.tmp.bc -f 
WARNING: [XFORM 203-561] Updating loop lower bound from 0 to 18000 for loop 'Loop-0' (digitrec.cpp:170:1) in function 'DigitRec'.
INFO: [XFORM 203-102] Automatically partitioning small array 'min_distance_list' (digitrec.cpp:69) completely based on array size.
INFO: [XFORM 203-102] Automatically partitioning small array 'label_list' (digitrec.cpp:72) completely based on array size.
INFO: [XFORM 203-101] Partitioning array 'min_distance_list' (digitrec.cpp:69) in dimension 1 completely.
INFO: [XFORM 203-101] Partitioning array 'label_list' (digitrec.cpp:72) in dimension 1 completely.
INFO: [XFORM 203-602] Inlining function 'popcount' into 'update_knn' (digitrec.cpp:35) automatically.
Command         transform done; 1.354 sec.
INFO-FLOW: Presyn 2...
Execute         transform -hls -keep-callgraph -scalarrepl -mem2reg -port-alignment -attach-range -dce -pipe-mux-gen -indvars -loop-bound -inst-simplify -instcombine -dce -merge-array-access -mem2reg -dce -clean-region -mergereturn -if-conv -instcombine -dce -constprop -basicaa -aggr-aa -aggrmodref-aa -aggr-aa -gvn -gvn -basicaa -aggr-aa -aggrmodref-aa -aggr-aa -dse -adse -adce -scalarrepl -mem2reg -global-constprop -deadargelim -deadargelim -instcombine -dce -simplifycfg -ptrArgReplace -mem2reg -function-inline -globaldce -mem2reg -instcombine -dce -expr-balance -instcombine -dce -bitwidthmin -interface-preproc -directive-preproc -inst-rectify -instcombine -dce -functionattrs -constprop -instcombine -bit-constprop -simplify-global-access -globalopt -globaldce -inst-simplify -instcombine -elimdeaddata -dce -loop-delete -simplifycfg -loop-simplify -auto-burst -norm-name C:/Users/Shivank/Downloads/Sem2/VLSI/digit-recognition/digit_t1/base/.autopilot/db/a.o.1.tmp.bc -o C:/Users/Shivank/Downloads/Sem2/VLSI/digit-recognition/digit_t1/base/.autopilot/db/a.o.2.bc -f -phase presyn 
INFO: [XFORM 203-401] Performing if-conversion on hyperblock from (digitrec.cpp:103:8) to (digitrec.cpp:102:52) in function 'knn_vote'... converting 3 basic blocks.
INFO: [XFORM 203-401] Performing if-conversion on hyperblock from (digitrec.cpp:109:8) to (digitrec.cpp:108:38) in function 'knn_vote'... converting 22 basic blocks.
INFO: [XFORM 203-602] Inlining function 'update_knn' into 'DigitRec' (digitrec.cpp:209) automatically.
Command         transform done; 0.125 sec.
INFO: [HLS 200-111] Finished Pre-synthesis Time (s): cpu = 00:00:02 ; elapsed = 00:00:10 . Memory (MB): peak = 175.383 ; gain = 83.852
INFO-FLOW: Building ssdm...
Execute         transform -hls -function-uniquify -auto-function-inline -globaldce -ptrArgReplace -mem2reg -dce -reset-lda -loop-simplify -indvars -licm -loop-dep -loop-bound -licm -loop-simplify -flattenloopnest -array-flatten -gvn -instcombine -dce -array-map -dce -func-legal -gvn -adce -instcombine -cfgopt -simplifycfg -loop-simplify -array-burst -promote-global-argument -dce -ptrLegalization -axi4-lower -array-seg-normalize -basicaa -aggrmodref-aa -globalsmodref-aa -aggr-aa -gvn -gvn -basicaa -aggrmodref-aa -globalsmodref-aa -aggr-aa -dse -adse -adce -licm -inst-simplify -dce -globaldce -instcombine -array-stream -eliminate-keepreads -instcombine -dce -deadargelim -doublePtrSimplify -doublePtrElim -dce -doublePtrSimplify -promote-dbg-pointer -dce -scalarrepl -mem2reg -disaggr -norm-name -mem2reg -instcombine -dse -adse -adce -ptrLegalization -dce -auto-rom-infer -array-flatten -dce -instcombine -check-doubleptr -loop-rot -constprop -cfgopt -simplifycfg -loop-simplify -indvars -pointer-simplify -dce -loop-bound -loop-simplify -loop-preproc -constprop -global-constprop -gvn -mem2reg -instcombine -dce -loop-bound -loop-merge -dce -bitwidthmin -deadargelim -dce -canonicalize-dataflow -dce -scalar-propagation -deadargelim -globaldce -mem2reg -read-loop-dep -interface-preproc -directive-preproc -interface-gen -bram-byte-enable -deadargelim -inst-simplify -dce -gvn -mem2reg -instcombine -dce -adse -loop-bound -instcombine -cfgopt -simplifycfg -loop-simplify -clean-region -io-protocol -find-region -mem2reg -bitop-raise -complex-op-raise -inst-simplify -inst-rectify -instcombine -adce -deadargelim -loop-simplify -phi-opt -bitop-raise -cfgopt -simplifycfg -strip-dead-prototypes -interface-lower -bitop-lower -intrinsic-lower -auto-function-inline -basicaa -aggrmodref-aa -globalsmodref-aa -aggr-aa -inst-simplify -simplifycfg -loop-simplify -mergereturn -inst-simplify -inst-rectify -dce -load-elim -bitop-lower -loop-rewind -pointer-simplify -dce -cfgopt -dce -loop-bound -loop-dep -read-loop-dep -dce -check-stream -norm-name -legalize -validate-dataflow -inst-clarity -bitwidth -dump-loop-dep-to-ir -check-all-ssdm -cdfg-build C:/Users/Shivank/Downloads/Sem2/VLSI/digit-recognition/digit_t1/base/.autopilot/db/a.o.2.bc -o C:/Users/Shivank/Downloads/Sem2/VLSI/digit-recognition/digit_t1/base/.autopilot/db/a.o.3.bc -f -phase build-ssdm 
Command         transform done; 0.403 sec.
INFO: [HLS 200-111] Finished Architecture Synthesis Time (s): cpu = 00:00:02 ; elapsed = 00:00:11 . Memory (MB): peak = 175.383 ; gain = 83.852
INFO-FLOW: Finish building internal data model.
Command       opt_and_import_c done; 2.495 sec.
Command     elaborate done; 9.768 sec.
Execute     autosyn -from_csynth_design=1 
INFO: [HLS 200-10] Starting hardware synthesis ...
INFO-FLOW: Synthesizing C/C++ design ...
INFO: [HLS 200-10] Synthesizing 'DigitRec' ...
Execute       ap_set_top_model DigitRec 
Execute       get_model_list DigitRec -filter all-wo-channel -topdown 
Execute       preproc_iomode -model DigitRec 
Execute       preproc_iomode -model knn_vote 
Execute       get_model_list DigitRec -filter all-wo-channel 
INFO-FLOW: Model list for configure: knn_vote DigitRec
INFO-FLOW: Configuring Module : knn_vote ...
Execute       set_default_model knn_vote 
Execute       apply_spec_resource_limit knn_vote 
INFO-FLOW: Configuring Module : DigitRec ...
Execute       set_default_model DigitRec 
Execute       apply_spec_resource_limit DigitRec 
INFO-FLOW: Model list for preprocess: knn_vote DigitRec
INFO-FLOW: Preprocessing Module: knn_vote ...
Execute       set_default_model knn_vote 
Execute       cdfg_preprocess -model knn_vote 
Execute       rtl_gen_preprocess knn_vote 
INFO-FLOW: Preprocessing Module: DigitRec ...
Execute       set_default_model DigitRec 
Execute       cdfg_preprocess -model DigitRec 
Execute       rtl_gen_preprocess DigitRec 
INFO-FLOW: Model list for synthesis: knn_vote DigitRec
INFO: [HLS 200-10] ----------------------------------------------------------------
INFO: [HLS 200-42] -- Implementing module 'knn_vote' 
INFO: [HLS 200-10] ----------------------------------------------------------------
Execute       set_default_model knn_vote 
Execute       schedule -model knn_vote 
INFO: [SCHED 204-11] Starting scheduling ...
INFO: [SCHED 204-11] Finished scheduling.
INFO: [HLS 200-111]  Elapsed time: 10.947 seconds; current allocated memory: 112.519 MB.
Execute       syn_report -verbosereport -o C:/Users/Shivank/Downloads/Sem2/VLSI/digit-recognition/digit_t1/base/.autopilot/db/knn_vote.verbose.sched.rpt 
INFO: [HLS 200-434] Only 0 loops out of a total 8 loops have been pipelined in this design.
Execute       db_write -o C:/Users/Shivank/Downloads/Sem2/VLSI/digit-recognition/digit_t1/base/.autopilot/db/knn_vote.sched.adb -f 
INFO-FLOW: Finish scheduling knn_vote.
Execute       set_default_model knn_vote 
Execute       bind -model knn_vote 
BIND OPTION: model=knn_vote
INFO: [BIND 205-100] Starting micro-architecture generation ...
INFO: [BIND 205-101] Performing variable lifetime analysis.
INFO: [BIND 205-101] Exploring resource sharing.
INFO: [BIND 205-101] Binding ...
INFO: [BIND 205-100] Finished micro-architecture generation.
INFO: [HLS 200-111]  Elapsed time: 0.099 seconds; current allocated memory: 113.252 MB.
Execute       syn_report -verbosereport -o C:/Users/Shivank/Downloads/Sem2/VLSI/digit-recognition/digit_t1/base/.autopilot/db/knn_vote.verbose.bind.rpt 
Execute       db_write -o C:/Users/Shivank/Downloads/Sem2/VLSI/digit-recognition/digit_t1/base/.autopilot/db/knn_vote.bind.adb -f 
INFO-FLOW: Finish binding knn_vote.
INFO: [HLS 200-10] ----------------------------------------------------------------
INFO: [HLS 200-42] -- Implementing module 'DigitRec' 
INFO: [HLS 200-10] ----------------------------------------------------------------
Execute       set_default_model DigitRec 
Execute       schedule -model DigitRec 
INFO: [SCHED 204-11] Starting scheduling ...
INFO: [SCHED 204-11] Finished scheduling.
INFO: [HLS 200-111]  Elapsed time: 0.16 seconds; current allocated memory: 113.845 MB.
Execute       syn_report -verbosereport -o C:/Users/Shivank/Downloads/Sem2/VLSI/digit-recognition/digit_t1/base/.autopilot/db/DigitRec.verbose.sched.rpt 
Execute       db_write -o C:/Users/Shivank/Downloads/Sem2/VLSI/digit-recognition/digit_t1/base/.autopilot/db/DigitRec.sched.adb -f 
INFO-FLOW: Finish scheduling DigitRec.
Execute       set_default_model DigitRec 
Execute       bind -model DigitRec 
BIND OPTION: model=DigitRec
INFO: [BIND 205-100] Starting micro-architecture generation ...
INFO: [BIND 205-101] Performing variable lifetime analysis.
INFO: [BIND 205-101] Exploring resource sharing.
INFO: [BIND 205-101] Binding ...
INFO: [BIND 205-100] Finished micro-architecture generation.
INFO: [HLS 200-111]  Elapsed time: 0.133 seconds; current allocated memory: 114.358 MB.
Execute       syn_report -verbosereport -o C:/Users/Shivank/Downloads/Sem2/VLSI/digit-recognition/digit_t1/base/.autopilot/db/DigitRec.verbose.bind.rpt 
Execute       db_write -o C:/Users/Shivank/Downloads/Sem2/VLSI/digit-recognition/digit_t1/base/.autopilot/db/DigitRec.bind.adb -f 
INFO-FLOW: Finish binding DigitRec.
Execute       get_model_list DigitRec -filter all-wo-channel 
INFO-FLOW: Preprocessing for RTLGen ...
Execute       rtl_gen_preprocess knn_vote 
Execute       rtl_gen_preprocess DigitRec 
INFO-FLOW: Model list for RTL generation: knn_vote DigitRec
INFO: [HLS 200-10] ----------------------------------------------------------------
INFO: [HLS 200-10] -- Generating RTL for module 'knn_vote' 
INFO: [HLS 200-10] ----------------------------------------------------------------
Execute       get_config_rtl -module_prefix 
Execute       get_config_rtl -module_auto_prefix 
Execute       create_rtl_model knn_vote -vendor xilinx -mg_file C:/Users/Shivank/Downloads/Sem2/VLSI/digit-recognition/digit_t1/base/.autopilot/db/knn_vote.compgen.tcl 
INFO: [SYN 201-210] Renamed object name 'DigitRec_mux_32_32_1_1' to 'DigitRec_mux_32_3bkb' due to the length limit 20
INFO: [RTGEN 206-100] Generating core module 'DigitRec_mux_32_3bkb': 2 instance(s).
INFO: [RTGEN 206-100] Finished creating RTL model for 'knn_vote'.
INFO: [HLS 200-111]  Elapsed time: 0.172 seconds; current allocated memory: 115.425 MB.
Execute       source C:/Users/Shivank/Downloads/Sem2/VLSI/digit-recognition/digit_t1/base/.autopilot/db/DigitRec.rtl_wrap.cfg.tcl 
Execute       gen_rtl knn_vote -style xilinx -tracefl mytrace -tracefmt vcd -traceopt all -f -lang sc -o C:/Users/Shivank/Downloads/Sem2/VLSI/digit-recognition/digit_t1/base/syn/systemc/knn_vote -synmodules knn_vote DigitRec 
Execute       gen_rtl knn_vote -style xilinx -f -lang vhdl -o C:/Users/Shivank/Downloads/Sem2/VLSI/digit-recognition/digit_t1/base/syn/vhdl/knn_vote 
Execute       gen_rtl knn_vote -style xilinx -f -lang vlog -o C:/Users/Shivank/Downloads/Sem2/VLSI/digit-recognition/digit_t1/base/syn/verilog/knn_vote 
Execute       syn_report -csynth -model knn_vote -o C:/Users/Shivank/Downloads/Sem2/VLSI/digit-recognition/digit_t1/base/syn/report/knn_vote_csynth.rpt 
Execute       syn_report -rtlxml -model knn_vote -o C:/Users/Shivank/Downloads/Sem2/VLSI/digit-recognition/digit_t1/base/syn/report/knn_vote_csynth.xml 
Execute       syn_report -verbosereport -model knn_vote -o C:/Users/Shivank/Downloads/Sem2/VLSI/digit-recognition/digit_t1/base/.autopilot/db/knn_vote.verbose.rpt 
Execute       db_write -model knn_vote -f -o C:/Users/Shivank/Downloads/Sem2/VLSI/digit-recognition/digit_t1/base/.autopilot/db/knn_vote.adb 
Execute       gen_tb_info knn_vote -p C:/Users/Shivank/Downloads/Sem2/VLSI/digit-recognition/digit_t1/base/.autopilot/db -o C:/Users/Shivank/Downloads/Sem2/VLSI/digit-recognition/digit_t1/base/.autopilot/db/knn_vote 
INFO: [HLS 200-10] ----------------------------------------------------------------
INFO: [HLS 200-10] -- Generating RTL for module 'DigitRec' 
INFO: [HLS 200-10] ----------------------------------------------------------------
Execute       get_config_rtl -module_prefix 
Execute       get_config_rtl -module_auto_prefix 
Execute       create_rtl_model DigitRec -vendor xilinx -mg_file C:/Users/Shivank/Downloads/Sem2/VLSI/digit-recognition/digit_t1/base/.autopilot/db/DigitRec.compgen.tcl 
INFO: [RTGEN 206-500] Setting interface mode on port 'DigitRec/global_training_set_V' to 'ap_memory'.
INFO: [RTGEN 206-500] Setting interface mode on port 'DigitRec/global_test_set_V' to 'ap_memory'.
INFO: [RTGEN 206-500] Setting interface mode on port 'DigitRec/global_results' to 'ap_memory'.
INFO: [RTGEN 206-500] Setting interface mode on port 'DigitRec/num_training' to 'ap_none'.
INFO: [RTGEN 206-500] Setting interface mode on port 'DigitRec/num_test' to 'ap_none'.
INFO: [RTGEN 206-500] Setting interface mode on function 'DigitRec' to 'ap_ctrl_hs'.
INFO: [SYN 201-210] Renamed object name 'DigitRec_training_set_V' to 'DigitRec_trainingcud' due to the length limit 20
INFO: [RTGEN 206-100] Finished creating RTL model for 'DigitRec'.
INFO: [HLS 200-111]  Elapsed time: 0.432 seconds; current allocated memory: 116.662 MB.
Execute       source C:/Users/Shivank/Downloads/Sem2/VLSI/digit-recognition/digit_t1/base/.autopilot/db/DigitRec.rtl_wrap.cfg.tcl 
Execute       gen_rtl DigitRec -istop -style xilinx -tracefl mytrace -tracefmt vcd -traceopt all -f -lang sc -o C:/Users/Shivank/Downloads/Sem2/VLSI/digit-recognition/digit_t1/base/syn/systemc/DigitRec -synmodules knn_vote DigitRec 
Execute       gen_rtl DigitRec -istop -style xilinx -f -lang vhdl -o C:/Users/Shivank/Downloads/Sem2/VLSI/digit-recognition/digit_t1/base/syn/vhdl/DigitRec 
Execute       gen_rtl DigitRec -istop -style xilinx -f -lang vlog -o C:/Users/Shivank/Downloads/Sem2/VLSI/digit-recognition/digit_t1/base/syn/verilog/DigitRec 
Execute       syn_report -csynth -model DigitRec -o C:/Users/Shivank/Downloads/Sem2/VLSI/digit-recognition/digit_t1/base/syn/report/DigitRec_csynth.rpt 
Execute       syn_report -rtlxml -model DigitRec -o C:/Users/Shivank/Downloads/Sem2/VLSI/digit-recognition/digit_t1/base/syn/report/DigitRec_csynth.xml 
Execute       syn_report -verbosereport -model DigitRec -o C:/Users/Shivank/Downloads/Sem2/VLSI/digit-recognition/digit_t1/base/.autopilot/db/DigitRec.verbose.rpt 
Execute       db_write -model DigitRec -f -o C:/Users/Shivank/Downloads/Sem2/VLSI/digit-recognition/digit_t1/base/.autopilot/db/DigitRec.adb 
Execute       gen_tb_info DigitRec -p C:/Users/Shivank/Downloads/Sem2/VLSI/digit-recognition/digit_t1/base/.autopilot/db -o C:/Users/Shivank/Downloads/Sem2/VLSI/digit-recognition/digit_t1/base/.autopilot/db/DigitRec 
Execute       export_constraint_db -f -tool general -o C:/Users/Shivank/Downloads/Sem2/VLSI/digit-recognition/digit_t1/base/.autopilot/db/DigitRec.constraint.tcl 
Execute       syn_report -designview -model DigitRec -o C:/Users/Shivank/Downloads/Sem2/VLSI/digit-recognition/digit_t1/base/.autopilot/db/DigitRec.design.xml 
Execute       get_config_rtl -disable_wave_debug 
Execute       syn_report -wcfg -model DigitRec -o C:/Users/Shivank/Downloads/Sem2/VLSI/digit-recognition/digit_t1/base/.autopilot/db/DigitRec_dataflow_ana.wcfg 
Execute       syn_report -protoinst -model DigitRec -o C:/Users/Shivank/Downloads/Sem2/VLSI/digit-recognition/digit_t1/base/.autopilot/db/DigitRec.protoinst 
Execute       get_config_debug -directory 
Execute       sc_get_clocks DigitRec 
Execute       get_config_export -vivado_clock 
Execute       sc_get_portdomain DigitRec 
INFO-FLOW: Model list for RTL component generation: knn_vote DigitRec
INFO-FLOW: Handling components in module [knn_vote] ... 
Execute       source C:/Users/Shivank/Downloads/Sem2/VLSI/digit-recognition/digit_t1/base/.autopilot/db/knn_vote.compgen.tcl 
INFO-FLOW: Found component DigitRec_mux_32_3bkb.
INFO-FLOW: Append model DigitRec_mux_32_3bkb
INFO-FLOW: Found component knn_vote_vote_list.
INFO-FLOW: Append model knn_vote_vote_list
INFO-FLOW: Handling components in module [DigitRec] ... 
Execute       source C:/Users/Shivank/Downloads/Sem2/VLSI/digit-recognition/digit_t1/base/.autopilot/db/DigitRec.compgen.tcl 
INFO-FLOW: Found component DigitRec_trainingcud.
INFO-FLOW: Append model DigitRec_trainingcud
INFO-FLOW: Found component DigitRec_test_set_V.
INFO-FLOW: Append model DigitRec_test_set_V
INFO-FLOW: Found component DigitRec_results.
INFO-FLOW: Append model DigitRec_results
INFO-FLOW: Found component DigitRec_knn_set.
INFO-FLOW: Append model DigitRec_knn_set
INFO-FLOW: Append model knn_vote
INFO-FLOW: Append model DigitRec
INFO-FLOW: Generating RTL model list ...
INFO-FLOW: All models in this session: DigitRec_mux_32_3bkb knn_vote_vote_list DigitRec_trainingcud DigitRec_test_set_V DigitRec_results DigitRec_knn_set knn_vote DigitRec
INFO-FLOW: To file: write model DigitRec_mux_32_3bkb
INFO-FLOW: To file: write model knn_vote_vote_list
INFO-FLOW: To file: write model DigitRec_trainingcud
INFO-FLOW: To file: write model DigitRec_test_set_V
INFO-FLOW: To file: write model DigitRec_results
INFO-FLOW: To file: write model DigitRec_knn_set
INFO-FLOW: To file: write model knn_vote
INFO-FLOW: To file: write model DigitRec
INFO-FLOW: Finished generating RTL model list.


INFO-FLOW: RTL Generation done.
INFO-FLOW: CAS Generation done.
INFO-FLOW: CBC Generation done.
INFO-FLOW: DBG:CMD: auto_generate_csynth_design
INFO-FLOW: DBG:CMD:     auto_generate --sim-model -phase csynth_design -d C:/Users/Shivank/Downloads/Sem2/VLSI/digit-recognition/digit_t1/base
Execute       source C:/Users/Shivank/Downloads/Sem2/VLSI/digit-recognition/digit_t1/base/.autopilot/db/global.setting.tcl 
INFO-FLOW: DBG:CMD: read_platform_lib C:/Users/Shivank/Downloads/Sem2/VLSI/digit-recognition/digit_t1/base/.autopilot/db/global.setting.tcl
Execute       source C:/Xilinx/Vivado/2019.1/common/technology/generic/autopilot/common.gen 
Execute         source C:/Xilinx/Vivado/2019.1/common/technology/generic/autopilot/APCoreGen.gen 
Execute       source C:/Xilinx/Vivado/2019.1/common/technology/generic/autopilot/op.gen 
Execute       source C:/Xilinx/Vivado/2019.1/common/technology/generic/autopilot/op_simcore.gen 
Execute       source C:/Xilinx/Vivado/2019.1/common/technology/generic/autopilot/interface.gen 
Execute       source C:/Users/Shivank/Downloads/Sem2/VLSI/digit-recognition/digit_t1/base/.autopilot/db/global.setting.tcl 
Execute       source C:/Xilinx/Vivado/2019.1/common/technology/xilinx/kintexuplus/kintexuplus.gen 
Execute         source C:/Xilinx/Vivado/2019.1/common/technology/xilinx/common/xilinx.gen 
Execute           source C:/Xilinx/Vivado/2019.1/common/technology/xilinx/interface/plb46.gen 
Execute           source C:/Xilinx/Vivado/2019.1/common/technology/xilinx/interface/fsl.gen 
Execute           source C:/Xilinx/Vivado/2019.1/common/technology/xilinx/interface/axi4.gen 
Execute           source C:/Xilinx/Vivado/2019.1/common/technology/xilinx/interface/nativeAXI4.gen 
Execute             source C:/Xilinx/Vivado/2019.1/common/technology/xilinx/interface/saxilite.gen 
Execute             source C:/Xilinx/Vivado/2019.1/common/technology/xilinx/interface/maxi.gen 
Execute           source C:/Xilinx/Vivado/2019.1/common/technology/xilinx/scripts/xilinxcoregen.gen 
Execute           source C:/Xilinx/Vivado/2019.1/common/technology/xilinx/interface/XilEDKCoreGen.gen 
Execute           source C:/Xilinx/Vivado/2019.1/common/technology/xilinx/ip/dds_compiler.gen 
Execute           source C:/Xilinx/Vivado/2019.1/common/technology/xilinx/ip/util.gen 
Execute           source C:/Xilinx/Vivado/2019.1/common/technology/xilinx/ip/xfft.gen 
Execute           source C:/Xilinx/Vivado/2019.1/common/technology/xilinx/ip/xfir.gen 
Execute           source C:/Xilinx/Vivado/2019.1/common/technology/xilinx/common/dsp48.gen 
Execute       source C:/Xilinx/Vivado/2019.1/common/technology/xilinx/kintexuplus/kintexuplus_fpv7.gen 
Execute         source C:/Xilinx/Vivado/2019.1/common/technology/xilinx/common/xilinx_fp.gen 
INFO-FLOW: DBG:CMD:   using AESL_AUTOCG::g_clock_period=10.000 (was NA)
INFO-FLOW: DBG:CMD:       generate_ip_cores sim=1 export=0 expOnly=0 dstVlogDir=syn/verilog
Execute       source C:/Users/Shivank/Downloads/Sem2/VLSI/digit-recognition/digit_t1/base/.autopilot/db/global.setting.tcl 
Execute       ap_part_info -name xcku5p-ffvb676-2-e -data names -quiet 
Execute       ap_part_info -name xcku5p-ffvb676-2-e -data info -quiet 
Execute       source C:/Users/Shivank/Downloads/Sem2/VLSI/digit-recognition/digit_t1/base/.autopilot/db/global.setting.tcl 
Execute       source C:/Users/Shivank/Downloads/Sem2/VLSI/digit-recognition/digit_t1/base/.autopilot/db/global.setting.tcl 
Execute       source C:/Users/Shivank/Downloads/Sem2/VLSI/digit-recognition/digit_t1/base/.autopilot/db/knn_vote.compgen.tcl 
Execute         ap_part_info -name xcku5p-ffvb676-2-e -data names -quiet 
Execute         ap_part_info -name xcku5p-ffvb676-2-e -data info -quiet 
INFO: [RTMG 210-278] Implementing memory 'knn_vote_vote_list_ram (RAM)' using distributed RAMs.
Execute         ap_part_info -name xcku5p-ffvb676-2-e -data names -quiet 
Execute         ap_part_info -name xcku5p-ffvb676-2-e -data info -quiet 
Execute       source C:/Users/Shivank/Downloads/Sem2/VLSI/digit-recognition/digit_t1/base/.autopilot/db/DigitRec.compgen.tcl 
INFO: [RTMG 210-278] Implementing memory 'DigitRec_trainingcud_ram (RAM)' using block RAMs with power-on initialization.
Execute         ap_part_info -name xcku5p-ffvb676-2-e -data names -quiet 
Execute         ap_part_info -name xcku5p-ffvb676-2-e -data info -quiet 
INFO: [RTMG 210-278] Implementing memory 'DigitRec_test_set_V_ram (RAM)' using block RAMs with power-on initialization.
Execute         ap_part_info -name xcku5p-ffvb676-2-e -data names -quiet 
Execute         ap_part_info -name xcku5p-ffvb676-2-e -data info -quiet 
INFO: [RTMG 210-278] Implementing memory 'DigitRec_results_ram (RAM)' using block RAMs with power-on initialization.
Execute         ap_part_info -name xcku5p-ffvb676-2-e -data names -quiet 
Execute         ap_part_info -name xcku5p-ffvb676-2-e -data info -quiet 
INFO: [RTMG 210-278] Implementing memory 'DigitRec_knn_set_ram (RAM)' using distributed RAMs.
Execute         ap_part_info -name xcku5p-ffvb676-2-e -data names -quiet 
Execute         ap_part_info -name xcku5p-ffvb676-2-e -data info -quiet 
INFO-FLOW: DBG:CMD:     auto_generate -export -impltomg_flag -rtl both -tool Vivado -pcore_version 1.00.a -phase csynth_design -d C:/Users/Shivank/Downloads/Sem2/VLSI/digit-recognition/digit_t1/base
Execute       source C:/Users/Shivank/Downloads/Sem2/VLSI/digit-recognition/digit_t1/base/.autopilot/db/global.setting.tcl 
INFO-FLOW: DBG:CMD: read_platform_lib C:/Users/Shivank/Downloads/Sem2/VLSI/digit-recognition/digit_t1/base/.autopilot/db/global.setting.tcl
Execute       source C:/Xilinx/Vivado/2019.1/common/technology/generic/autopilot/common.gen 
Execute         source C:/Xilinx/Vivado/2019.1/common/technology/generic/autopilot/APCoreGen.gen 
Execute       source C:/Xilinx/Vivado/2019.1/common/technology/generic/autopilot/op.gen 
Execute       source C:/Xilinx/Vivado/2019.1/common/technology/generic/autopilot/op_simcore.gen 
Execute       source C:/Xilinx/Vivado/2019.1/common/technology/generic/autopilot/interface.gen 
Execute       source C:/Users/Shivank/Downloads/Sem2/VLSI/digit-recognition/digit_t1/base/.autopilot/db/global.setting.tcl 
Execute       source C:/Xilinx/Vivado/2019.1/common/technology/xilinx/kintexuplus/kintexuplus.gen 
Execute         source C:/Xilinx/Vivado/2019.1/common/technology/xilinx/common/xilinx.gen 
Execute           source C:/Xilinx/Vivado/2019.1/common/technology/xilinx/interface/plb46.gen 
Execute           source C:/Xilinx/Vivado/2019.1/common/technology/xilinx/interface/fsl.gen 
Execute           source C:/Xilinx/Vivado/2019.1/common/technology/xilinx/interface/axi4.gen 
Execute           source C:/Xilinx/Vivado/2019.1/common/technology/xilinx/interface/nativeAXI4.gen 
Execute             source C:/Xilinx/Vivado/2019.1/common/technology/xilinx/interface/saxilite.gen 
Execute             source C:/Xilinx/Vivado/2019.1/common/technology/xilinx/interface/maxi.gen 
Execute           source C:/Xilinx/Vivado/2019.1/common/technology/xilinx/scripts/xilinxcoregen.gen 
Execute           source C:/Xilinx/Vivado/2019.1/common/technology/xilinx/interface/XilEDKCoreGen.gen 
Execute           source C:/Xilinx/Vivado/2019.1/common/technology/xilinx/ip/dds_compiler.gen 
Execute           source C:/Xilinx/Vivado/2019.1/common/technology/xilinx/ip/util.gen 
Execute           source C:/Xilinx/Vivado/2019.1/common/technology/xilinx/ip/xfft.gen 
Execute           source C:/Xilinx/Vivado/2019.1/common/technology/xilinx/ip/xfir.gen 
Execute           source C:/Xilinx/Vivado/2019.1/common/technology/xilinx/common/dsp48.gen 
Execute       source C:/Xilinx/Vivado/2019.1/common/technology/xilinx/kintexuplus/kintexuplus_fpv7.gen 
Execute         source C:/Xilinx/Vivado/2019.1/common/technology/xilinx/common/xilinx_fp.gen 
INFO-FLOW: DBG:CMD:       initCTypeInfo top_module=DigitRec xml_exists=0
Execute       source C:/Users/Shivank/Downloads/Sem2/VLSI/digit-recognition/digit_t1/base/.autopilot/db/DigitRec.rtl_wrap.cfg.tcl 
Execute       source C:/Users/Shivank/Downloads/Sem2/VLSI/digit-recognition/digit_t1/base/.autopilot/db/DigitRec.rtl_wrap.cfg.tcl 
Execute       source C:/Users/Shivank/Downloads/Sem2/VLSI/digit-recognition/digit_t1/base/.autopilot/db/DigitRec.rtl_wrap.cfg.tcl 
Execute       source C:/Users/Shivank/Downloads/Sem2/VLSI/digit-recognition/digit_t1/base/.autopilot/db/DigitRec.tbgen.tcl 
Execute       source C:/Users/Shivank/Downloads/Sem2/VLSI/digit-recognition/digit_t1/base/.autopilot/db/DigitRec.tbgen.tcl 
INFO-FLOW: DBG:CMD:       export_impl_rtl
INFO-FLOW: DBG:CMD:       generate_ip_cores sim=0 export=0 expOnly=0 dstVlogDir=impl/.verilog
Execute       source C:/Users/Shivank/Downloads/Sem2/VLSI/digit-recognition/digit_t1/base/.autopilot/db/global.setting.tcl 
Execute       source C:/Users/Shivank/Downloads/Sem2/VLSI/digit-recognition/digit_t1/base/.autopilot/db/knn_vote.compgen.tcl 
Execute       source C:/Users/Shivank/Downloads/Sem2/VLSI/digit-recognition/digit_t1/base/.autopilot/db/DigitRec.compgen.tcl 
INFO-FLOW: DBG:CMD:       generate_ip_cores sim=0 export=1 expOnly=1 dstVlogDir=impl/.pcores/verilog
Execute       source C:/Users/Shivank/Downloads/Sem2/VLSI/digit-recognition/digit_t1/base/.autopilot/db/global.setting.tcl 
Execute       source C:/Users/Shivank/Downloads/Sem2/VLSI/digit-recognition/digit_t1/base/.autopilot/db/knn_vote.compgen.tcl 
Execute       source C:/Users/Shivank/Downloads/Sem2/VLSI/digit-recognition/digit_t1/base/.autopilot/db/DigitRec.compgen.tcl 
Execute         ap_part_info -name xcku5p-ffvb676-2-e -data names -quiet 
Execute         ap_part_info -name xcku5p-ffvb676-2-e -data info -quiet 
Execute         ap_part_info -name xcku5p-ffvb676-2-e -data names -quiet 
Execute         ap_part_info -name xcku5p-ffvb676-2-e -data info -quiet 
Execute         source C:/Users/Shivank/Downloads/Sem2/VLSI/digit-recognition/digit_t1/base/.autopilot/db/DigitRec.tbgen.tcl 
Execute         source C:/Users/Shivank/Downloads/Sem2/VLSI/digit-recognition/digit_t1/base/.autopilot/db/DigitRec.tbgen.tcl 
Execute         source C:/Users/Shivank/Downloads/Sem2/VLSI/digit-recognition/digit_t1/base/.autopilot/db/DigitRec.tbgen.tcl 
Execute         ap_part_info -name xcku5p-ffvb676-2-e -data names -quiet 
Execute         ap_part_info -name xcku5p-ffvb676-2-e -data info -quiet 
Execute         ap_part_info -name xcku5p-ffvb676-2-e -data names -quiet 
Execute         ap_part_info -name xcku5p-ffvb676-2-e -data info -quiet 
Execute         ap_part_info -name xcku5p-ffvb676-2-e -data names -quiet 
Execute         ap_part_info -name xcku5p-ffvb676-2-e -data info -quiet 
Execute         ap_part_info -name xcku5p-ffvb676-2-e -data names -quiet 
Execute         ap_part_info -name xcku5p-ffvb676-2-e -data info -quiet 
Execute         ap_part_info -name xcku5p-ffvb676-2-e -data names -quiet 
Execute         ap_part_info -name xcku5p-ffvb676-2-e -data info -quiet 
Execute         ap_part_info -name xcku5p-ffvb676-2-e -data names -quiet 
Execute         ap_part_info -name xcku5p-ffvb676-2-e -data info -quiet 
Execute         ap_part_info -name xcku5p-ffvb676-2-e -data names -quiet 
Execute         ap_part_info -name xcku5p-ffvb676-2-e -data info -quiet 
Execute       ap_part_info -name xcku5p-ffvb676-2-e -data names -quiet 
Execute       ap_part_info -name xcku5p-ffvb676-2-e -data info -quiet 
INFO-FLOW: DBG:CMD:       generate_ip_cores sim=0 export=0 expOnly=0 dstVlogDir=impl/.pcores/verilog_sim
Execute       source C:/Users/Shivank/Downloads/Sem2/VLSI/digit-recognition/digit_t1/base/.autopilot/db/global.setting.tcl 
Execute       source C:/Users/Shivank/Downloads/Sem2/VLSI/digit-recognition/digit_t1/base/.autopilot/db/knn_vote.compgen.tcl 
Execute       source C:/Users/Shivank/Downloads/Sem2/VLSI/digit-recognition/digit_t1/base/.autopilot/db/DigitRec.compgen.tcl 
Execute       ap_part_info -name xcku5p-ffvb676-2-e -data names -quiet 
Execute       ap_part_info -name xcku5p-ffvb676-2-e -data info -quiet 
Execute       ap_part_info -name xcku5p-ffvb676-2-e -data names -quiet 
Execute       ap_part_info -name xcku5p-ffvb676-2-e -data info -quiet 
Execute       source C:/Users/Shivank/Downloads/Sem2/VLSI/digit-recognition/digit_t1/base/.autopilot/db/global.setting.tcl 
Execute       ap_part_info -name xcku5p-ffvb676-2-e -data names -quiet 
Execute       ap_part_info -name xcku5p-ffvb676-2-e -data info -quiet 
Execute       source C:/Users/Shivank/Downloads/Sem2/VLSI/digit-recognition/digit_t1/base/.autopilot/db/DigitRec.constraint.tcl 
Execute       source C:/Users/Shivank/Downloads/Sem2/VLSI/digit-recognition/digit_t1/base/.autopilot/db/DigitRec.tbgen.tcl 
INFO-FLOW: DBG:CMD:       hasPcoreIpAdapter=false #gSsdmPorts=12
INFO-FLOW: DBG:CMD: Skipping loadAnalyze_DB, #g_database=5
INFO-FLOW: DBG:CMD:       generate_json is_phase_csynth=1 g_has_adaptors=false generate_bd_files=0 #modelList=8 #gSsdmPorts=12
Execute       source C:/Xilinx/Vivado/2019.1/tps/tcl/tcllib1.11.1/fileutil/fileutil.tcl 
Execute       source C:/Users/Shivank/Downloads/Sem2/VLSI/digit-recognition/digit_t1/base/.autopilot/db/global.setting.tcl 
Execute       source C:/Users/Shivank/Downloads/Sem2/VLSI/digit-recognition/digit_t1/base/.autopilot/db/global.setting.tcl 
Execute       get_config_export -xo 
Execute       source C:/Users/Shivank/Downloads/Sem2/VLSI/digit-recognition/digit_t1/base/.autopilot/db/DigitRec.tbgen.tcl 
Execute       source C:/Users/Shivank/Downloads/Sem2/VLSI/digit-recognition/digit_t1/base/.autopilot/db/DigitRec.tbgen.tcl 
Execute       source C:/Users/Shivank/Downloads/Sem2/VLSI/digit-recognition/digit_t1/base/.autopilot/db/DigitRec.tbgen.tcl 
Execute       source C:/Users/Shivank/Downloads/Sem2/VLSI/digit-recognition/digit_t1/base/.autopilot/db/global.setting.tcl 
Execute       get_config_sdx -target 
Execute       source C:/Users/Shivank/Downloads/Sem2/VLSI/digit-recognition/digit_t1/base/.autopilot/db/DigitRec.rtl_wrap.cfg.tcl 
Execute       source C:/Users/Shivank/Downloads/Sem2/VLSI/digit-recognition/digit_t1/base/.autopilot/db/DigitRec.compgen.dataonly.tcl 
Execute       source C:/Users/Shivank/Downloads/Sem2/VLSI/digit-recognition/digit_t1/base/.autopilot/db/global.setting.tcl 
Execute       ap_part_info -name xcku5p-ffvb676-2-e -data names -quiet 
Execute       ap_part_info -name xcku5p-ffvb676-2-e -data info -quiet 
Execute       source C:/Users/Shivank/Downloads/Sem2/VLSI/digit-recognition/digit_t1/base/.autopilot/db/DigitRec.constraint.tcl 
Execute       sc_get_clocks DigitRec 
Execute       ap_part_info -name xcku5p-ffvb676-2-e -data names -quiet 
Execute       ap_part_info -name xcku5p-ffvb676-2-e -data info -quiet 
Execute       source C:/Users/Shivank/Downloads/Sem2/VLSI/digit-recognition/digit_t1/base/.autopilot/db/global.setting.tcl 
Execute       get_config_debug -directory 
Execute       source C:/Users/Shivank/Downloads/Sem2/VLSI/digit-recognition/digit_t1/base/.autopilot/db/knn_vote.tbgen.tcl 
Execute       source C:/Users/Shivank/Downloads/Sem2/VLSI/digit-recognition/digit_t1/base/.autopilot/db/DigitRec.tbgen.tcl 
Execute       get_config_sdx -target 
Execute       get_config_sdx -profile 
Execute       get_config_rtl -kernel_profile 
Execute       get_config_rtl -stall_sig_gen 
Execute       get_config_rtl -profile 
INFO-FLOW: DBG:CMD: add_json_sdx_info kernel file does not exist, skipping opencl info: C:/Users/Shivank/Downloads/Sem2/VLSI/digit-recognition/digit_t1/base/.autopilot/db/kernel.internal.xml
INFO-FLOW: DBG:CMD:       delete-temp-dirs (skipped for debug)
INFO: [HLS 200-111] Finished generating all RTL models Time (s): cpu = 00:00:04 ; elapsed = 00:00:13 . Memory (MB): peak = 187.813 ; gain = 96.281
INFO: [VHDL 208-304] Generating VHDL RTL for DigitRec.
INFO: [VLOG 209-307] Generating Verilog RTL for DigitRec.
Command     autosyn done; 2.37 sec.
Command   csynth_design done; 12.148 sec.
Command ap_source done; 12.906 sec.
Execute cleanup_all 
