

================================================================
== Vivado HLS Report for 'knn_vote'
================================================================
* Date:           Sat Apr 10 19:07:32 2021

* Version:        2019.1 (Build 2552052 on Fri May 24 15:28:33 MDT 2019)
* Project:        digit_t1
* Solution:       latency
* Product family: kintexuplus
* Target device:  xcku5p-ffvb676-2-e


================================================================
== Performance Estimates
================================================================
+ Timing (ns): 
    * Summary: 
    +--------+-------+----------+------------+
    |  Clock | Target| Estimated| Uncertainty|
    +--------+-------+----------+------------+
    |ap_clk  |  10.00|     8.525|        1.25|
    +--------+-------+----------+------------+

+ Latency (clock cycles): 
    * Summary: 
    +-----+-----+-----+-----+---------+
    |  Latency  |  Interval | Pipeline|
    | min | max | min | max |   Type  |
    +-----+-----+-----+-----+---------+
    |   38|   38|   38|   38|   none  |
    +-----+-----+-----+-----+---------+

    + Detail: 
        * Instance: 
        N/A

        * Loop: 
        +------------------------------+-----+-----+----------+-----------+-----------+------+----------+
        |                              |  Latency  | Iteration|  Initiation Interval  | Trip |          |
        |           Loop Name          | min | max |  Latency |  achieved |   target  | Count| Pipelined|
        +------------------------------+-----+-----+----------+-----------+-----------+------+----------+
        |- LANES_INSERTION_SORT_OUTER  |   30|   30|         1|          1|          1|    30|    yes   |
        |- INCREMENT                   |    3|    3|         1|          1|          1|     3|    yes   |
        +------------------------------+-----+-----+----------+-----------+-----------+------+----------+



================================================================
== Utilization Estimates
================================================================
* Summary: 
+-----------------+---------+-------+--------+--------+-----+
|       Name      | BRAM_18K| DSP48E|   FF   |   LUT  | URAM|
+-----------------+---------+-------+--------+--------+-----+
|DSP              |        -|      -|       -|       -|    -|
|Expression       |        -|      -|       0|     872|    -|
|FIFO             |        -|      -|       -|       -|    -|
|Instance         |        -|      -|       0|     650|    -|
|Memory           |        -|      -|       -|       -|    -|
|Multiplexer      |        -|      -|       -|     308|    -|
|Register         |        -|      -|     886|       -|    -|
+-----------------+---------+-------+--------+--------+-----+
|Total            |        0|      0|     886|    1830|    0|
+-----------------+---------+-------+--------+--------+-----+
|Available        |      960|   1824|  433920|  216960|   64|
+-----------------+---------+-------+--------+--------+-----+
|Utilization (%)  |        0|      0|   ~0   |   ~0   |    0|
+-----------------+---------+-------+--------+--------+-----+

+ Detail: 
    * Instance: 
    +---------------------------+----------------------+---------+-------+---+----+-----+
    |          Instance         |        Module        | BRAM_18K| DSP48E| FF| LUT| URAM|
    +---------------------------+----------------------+---------+-------+---+----+-----+
    |DigitRec_mux_104_eOg_U154  |DigitRec_mux_104_eOg  |        0|      0|  0|  65|    0|
    |DigitRec_mux_164_fYi_U155  |DigitRec_mux_164_fYi  |        0|      0|  0|  65|    0|
    |DigitRec_mux_164_fYi_U156  |DigitRec_mux_164_fYi  |        0|      0|  0|  65|    0|
    |DigitRec_mux_164_fYi_U157  |DigitRec_mux_164_fYi  |        0|      0|  0|  65|    0|
    |DigitRec_mux_164_fYi_U158  |DigitRec_mux_164_fYi  |        0|      0|  0|  65|    0|
    |DigitRec_mux_164_fYi_U159  |DigitRec_mux_164_fYi  |        0|      0|  0|  65|    0|
    |DigitRec_mux_164_fYi_U160  |DigitRec_mux_164_fYi  |        0|      0|  0|  65|    0|
    |DigitRec_mux_164_fYi_U161  |DigitRec_mux_164_fYi  |        0|      0|  0|  65|    0|
    |DigitRec_mux_305_bkb_U152  |DigitRec_mux_305_bkb  |        0|      0|  0|  65|    0|
    |DigitRec_mux_32_3dEe_U153  |DigitRec_mux_32_3dEe  |        0|      0|  0|  65|    0|
    +---------------------------+----------------------+---------+-------+---+----+-----+
    |Total                      |                      |        0|      0|  0| 650|    0|
    +---------------------------+----------------------+---------+-------+---+----+-----+

    * DSP48E: 
    N/A

    * Memory: 
    N/A

    * FIFO: 
    N/A

    * Expression: 
    +----------------------------------+----------+-------+---+----+------------+------------+
    |           Variable Name          | Operation| DSP48E| FF| LUT| Bitwidth P0| Bitwidth P1|
    +----------------------------------+----------+-------+---+----+------------+------------+
    |add_ln94_1_fu_585_p2              |     +    |      0|  0|  12|           1|           4|
    |add_ln94_fu_565_p2                |     +    |      0|  0|  15|           1|           5|
    |i_fu_1013_p2                      |     +    |      0|  0|   9|           2|           1|
    |j_fu_901_p2                       |     +    |      0|  0|   9|           1|           2|
    |min_distance_list_2_2_fu_643_p31  |     +    |      0|  0|  15|           5|           5|
    |vote_list_0_fu_1091_p2            |     +    |      0|  0|  39|           1|          32|
    |sub_ln100_1_fu_619_p2             |     -    |      0|  0|  15|           5|           5|
    |sub_ln100_fu_553_p2               |     -    |      0|  0|  15|           5|           5|
    |and_ln109_1_fu_855_p2             |    and   |      0|  0|   2|           1|           1|
    |and_ln109_fu_799_p2               |    and   |      0|  0|   2|           1|           1|
    |icmp_ln100_1_fu_693_p2            |   icmp   |      0|  0|  20|          32|          32|
    |icmp_ln100_2_fu_721_p2            |   icmp   |      0|  0|  20|          32|          32|
    |icmp_ln100_3_fu_737_p2            |   icmp   |      0|  0|   9|           4|           1|
    |icmp_ln100_fu_679_p2              |   icmp   |      0|  0|  20|          32|          32|
    |icmp_ln106_1_fu_829_p2            |   icmp   |      0|  0|  11|           6|           1|
    |icmp_ln106_fu_773_p2              |   icmp   |      0|  0|  11|           5|           1|
    |icmp_ln109_1_fu_835_p2            |   icmp   |      0|  0|  11|           6|           1|
    |icmp_ln109_fu_779_p2              |   icmp   |      0|  0|  11|           6|           2|
    |icmp_ln118_fu_1007_p2             |   icmp   |      0|  0|   8|           2|           2|
    |icmp_ln129_1_fu_1236_p2           |   icmp   |      0|  0|  20|          32|          32|
    |icmp_ln129_2_fu_1292_p2           |   icmp   |      0|  0|  20|          32|          32|
    |icmp_ln129_3_fu_1352_p2           |   icmp   |      0|  0|  20|          32|          32|
    |icmp_ln129_4_fu_1423_p2           |   icmp   |      0|  0|  20|          32|          32|
    |icmp_ln129_5_fu_1472_p2           |   icmp   |      0|  0|  20|          32|          32|
    |icmp_ln129_6_fu_1523_p2           |   icmp   |      0|  0|  20|          32|          32|
    |icmp_ln129_7_fu_1574_p2           |   icmp   |      0|  0|  20|          32|          32|
    |icmp_ln129_8_fu_1621_p2           |   icmp   |      0|  0|  20|          32|          32|
    |icmp_ln129_fu_1212_p2             |   icmp   |      0|  0|  20|          32|          32|
    |icmp_ln94_fu_559_p2               |   icmp   |      0|  0|  11|           5|           3|
    |icmp_ln95_fu_571_p2               |   icmp   |      0|  0|   8|           2|           2|
    |ap_return                         |  select  |      0|  0|   4|           1|           4|
    |label_list_1_2_fu_885_p3          |  select  |      0|  0|  32|           1|          32|
    |label_list_2_2_fu_785_p3          |  select  |      0|  0|  32|           1|          32|
    |label_list_2_3_fu_805_p3          |  select  |      0|  0|  32|           1|          32|
    |label_list_2_4_fu_841_p3          |  select  |      0|  0|  32|           1|          32|
    |label_list_2_5_fu_861_p3          |  select  |      0|  0|  32|           1|          32|
    |min_distance_list_0_1_fu_821_p3   |  select  |      0|  0|  32|           1|          32|
    |min_distance_list_0_2_fu_869_p3   |  select  |      0|  0|  32|           1|          32|
    |min_distance_list_0_3_fu_877_p3   |  select  |      0|  0|  32|           1|          32|
    |min_distance_list_0_fu_813_p3     |  select  |      0|  0|  32|           1|          32|
    |min_distance_list_1_2_fu_893_p3   |  select  |      0|  0|  32|           1|          32|
    |phitmp_2_fu_743_p3                |  select  |      0|  0|   3|           1|           3|
    |select_ln100_1_fu_709_p3          |  select  |      0|  0|   6|           1|           6|
    |select_ln100_2_fu_755_p3          |  select  |      0|  0|   6|           1|           6|
    |select_ln100_fu_685_p3            |  select  |      0|  0|   6|           1|           1|
    |select_ln129_1_fu_1242_p3         |  select  |      0|  0|   3|           1|           2|
    |select_ln129_2_fu_1298_p3         |  select  |      0|  0|   2|           1|           2|
    |select_ln129_3_fu_1358_p3         |  select  |      0|  0|   4|           1|           3|
    |select_ln129_4_fu_1428_p3         |  select  |      0|  0|   3|           1|           3|
    |select_ln129_5_fu_1478_p3         |  select  |      0|  0|   3|           1|           3|
    |select_ln129_6_fu_1529_p3         |  select  |      0|  0|   3|           1|           3|
    |select_ln129_7_fu_1580_p3         |  select  |      0|  0|   5|           1|           4|
    |select_ln129_fu_1228_p3           |  select  |      0|  0|  32|           1|          32|
    |select_ln94_1_fu_591_p3           |  select  |      0|  0|   4|           1|           4|
    |select_ln94_2_fu_625_p3           |  select  |      0|  0|   5|           1|           5|
    |select_ln94_fu_577_p3             |  select  |      0|  0|   2|           1|           1|
    |not_icmp_ln100_fu_699_p2          |    xor   |      0|  0|   2|           1|           2|
    |xor_ln106_1_fu_849_p2             |    xor   |      0|  0|   2|           1|           2|
    |xor_ln106_fu_793_p2               |    xor   |      0|  0|   2|           1|           2|
    |xor_ln129_fu_1218_p2              |    xor   |      0|  0|   2|           1|           2|
    +----------------------------------+----------+-------+---+----+------------+------------+
    |Total                             |          |      0|  0| 872|         473|         868|
    +----------------------------------+----------+-------+---+----+------------+------------+

    * Multiplexer: 
    +-------------------------------+----+-----------+-----+-----------+
    |              Name             | LUT| Input Size| Bits| Total Bits|
    +-------------------------------+----+-----------+-----+-----------+
    |ap_NS_fsm                      |  38|          7|    1|          7|
    |i4_0_reg_526                   |   9|          2|    2|          4|
    |indvar_flatten_reg_424         |   9|          2|    5|         10|
    |j_0_reg_515                    |   9|          2|    2|          4|
    |label_list_1_reg_470           |   9|          2|   32|         64|
    |label_list_2_12_reg_446        |   9|          2|   32|         64|
    |label_list_2_6_reg_435         |   9|          2|    4|          8|
    |label_list_2_reg_458           |   9|          2|   32|         64|
    |min_distance_list_1_reg_504    |   9|          2|   32|         64|
    |min_distance_list_2_1_reg_482  |   9|          2|   32|         64|
    |min_distance_list_2_reg_493    |   9|          2|   32|         64|
    |vote_list_9_10_fu_204          |   9|          2|   32|         64|
    |vote_list_9_11_fu_208          |   9|          2|   32|         64|
    |vote_list_9_12_fu_212          |   9|          2|   32|         64|
    |vote_list_9_13_fu_216          |   9|          2|   32|         64|
    |vote_list_9_14_fu_220          |   9|          2|   32|         64|
    |vote_list_9_15_fu_224          |   9|          2|   32|         64|
    |vote_list_9_16_fu_228          |   9|          2|   32|         64|
    |vote_list_9_17_fu_232          |   9|          2|   32|         64|
    |vote_list_9_18_fu_236          |   9|          2|   32|         64|
    |vote_list_9_19_fu_240          |   9|          2|   32|         64|
    |vote_list_9_1_fu_168           |   9|          2|   32|         64|
    |vote_list_9_2_fu_172           |   9|          2|   32|         64|
    |vote_list_9_3_fu_176           |   9|          2|   32|         64|
    |vote_list_9_4_fu_180           |   9|          2|   32|         64|
    |vote_list_9_5_fu_184           |   9|          2|   32|         64|
    |vote_list_9_6_fu_188           |   9|          2|   32|         64|
    |vote_list_9_7_fu_192           |   9|          2|   32|         64|
    |vote_list_9_8_fu_196           |   9|          2|   32|         64|
    |vote_list_9_9_fu_200           |   9|          2|   32|         64|
    |vote_list_9_fu_164             |   9|          2|   32|         64|
    +-------------------------------+----+-----------+-----+-----------+
    |Total                          | 308|         67|  846|       1697|
    +-------------------------------+----+-----------+-----+-----------+

    * Register: 
    +-------------------------------+----+----+-----+-----------+
    |              Name             | FF | LUT| Bits| Const Bits|
    +-------------------------------+----+----+-----+-----------+
    |ap_CS_fsm                      |   6|   0|    6|          0|
    |i4_0_reg_526                   |   2|   0|    2|          0|
    |indvar_flatten_reg_424         |   5|   0|    5|          0|
    |j_0_reg_515                    |   2|   0|    2|          0|
    |label_list_1_reg_470           |  32|   0|   32|          0|
    |label_list_2_12_reg_446        |  32|   0|   32|          0|
    |label_list_2_6_reg_435         |   4|   0|    4|          0|
    |label_list_2_reg_458           |  32|   0|   32|          0|
    |min_distance_list_1_reg_504    |  32|   0|   32|          0|
    |min_distance_list_2_1_reg_482  |  32|   0|   32|          0|
    |min_distance_list_2_reg_493    |  32|   0|   32|          0|
    |phi_ln129_2_reg_2029           |  32|   0|   32|          0|
    |select_ln129_3_reg_2024        |   3|   0|    3|          0|
    |vote_list_9_10_fu_204          |  32|   0|   32|          0|
    |vote_list_9_11_fu_208          |  32|   0|   32|          0|
    |vote_list_9_12_fu_212          |  32|   0|   32|          0|
    |vote_list_9_13_fu_216          |  32|   0|   32|          0|
    |vote_list_9_14_fu_220          |  32|   0|   32|          0|
    |vote_list_9_15_fu_224          |  32|   0|   32|          0|
    |vote_list_9_16_fu_228          |  32|   0|   32|          0|
    |vote_list_9_17_fu_232          |  32|   0|   32|          0|
    |vote_list_9_18_fu_236          |  32|   0|   32|          0|
    |vote_list_9_19_fu_240          |  32|   0|   32|          0|
    |vote_list_9_1_fu_168           |  32|   0|   32|          0|
    |vote_list_9_2_fu_172           |  32|   0|   32|          0|
    |vote_list_9_3_fu_176           |  32|   0|   32|          0|
    |vote_list_9_4_fu_180           |  32|   0|   32|          0|
    |vote_list_9_5_fu_184           |  32|   0|   32|          0|
    |vote_list_9_6_fu_188           |  32|   0|   32|          0|
    |vote_list_9_7_fu_192           |  32|   0|   32|          0|
    |vote_list_9_8_fu_196           |  32|   0|   32|          0|
    |vote_list_9_9_fu_200           |  32|   0|   32|          0|
    |vote_list_9_fu_164             |  32|   0|   32|          0|
    +-------------------------------+----+----+-----+-----------+
    |Total                          | 886|   0|  886|          0|
    +-------------------------------+----+----+-----+-----------+



================================================================
== Interface
================================================================
* Summary: 
+-----------------+-----+-----+------------+-----------------+--------------+
|    RTL Ports    | Dir | Bits|  Protocol  |  Source Object  |    C Type    |
+-----------------+-----+-----+------------+-----------------+--------------+
|ap_clk           |  in |    1| ap_ctrl_hs |     knn_vote    | return value |
|ap_rst           |  in |    1| ap_ctrl_hs |     knn_vote    | return value |
|ap_start         |  in |    1| ap_ctrl_hs |     knn_vote    | return value |
|ap_done          | out |    1| ap_ctrl_hs |     knn_vote    | return value |
|ap_idle          | out |    1| ap_ctrl_hs |     knn_vote    | return value |
|ap_ready         | out |    1| ap_ctrl_hs |     knn_vote    | return value |
|ap_return        | out |    4| ap_ctrl_hs |     knn_vote    | return value |
|knn_set_0_read   |  in |   32|   ap_none  |  knn_set_0_read |    scalar    |
|knn_set_1_read   |  in |   32|   ap_none  |  knn_set_1_read |    scalar    |
|knn_set_2_read   |  in |   32|   ap_none  |  knn_set_2_read |    scalar    |
|knn_set_3_read   |  in |   32|   ap_none  |  knn_set_3_read |    scalar    |
|knn_set_4_read   |  in |   32|   ap_none  |  knn_set_4_read |    scalar    |
|knn_set_5_read   |  in |   32|   ap_none  |  knn_set_5_read |    scalar    |
|knn_set_6_read   |  in |   32|   ap_none  |  knn_set_6_read |    scalar    |
|knn_set_7_read   |  in |   32|   ap_none  |  knn_set_7_read |    scalar    |
|knn_set_8_read   |  in |   32|   ap_none  |  knn_set_8_read |    scalar    |
|knn_set_9_read   |  in |   32|   ap_none  |  knn_set_9_read |    scalar    |
|knn_set_10_read  |  in |   32|   ap_none  | knn_set_10_read |    scalar    |
|knn_set_11_read  |  in |   32|   ap_none  | knn_set_11_read |    scalar    |
|knn_set_12_read  |  in |   32|   ap_none  | knn_set_12_read |    scalar    |
|knn_set_13_read  |  in |   32|   ap_none  | knn_set_13_read |    scalar    |
|knn_set_14_read  |  in |   32|   ap_none  | knn_set_14_read |    scalar    |
|knn_set_15_read  |  in |   32|   ap_none  | knn_set_15_read |    scalar    |
|knn_set_16_read  |  in |   32|   ap_none  | knn_set_16_read |    scalar    |
|knn_set_17_read  |  in |   32|   ap_none  | knn_set_17_read |    scalar    |
|knn_set_18_read  |  in |   32|   ap_none  | knn_set_18_read |    scalar    |
|knn_set_19_read  |  in |   32|   ap_none  | knn_set_19_read |    scalar    |
|knn_set_20_read  |  in |   32|   ap_none  | knn_set_20_read |    scalar    |
|knn_set_21_read  |  in |   32|   ap_none  | knn_set_21_read |    scalar    |
|knn_set_22_read  |  in |   32|   ap_none  | knn_set_22_read |    scalar    |
|knn_set_23_read  |  in |   32|   ap_none  | knn_set_23_read |    scalar    |
|knn_set_24_read  |  in |   32|   ap_none  | knn_set_24_read |    scalar    |
|knn_set_25_read  |  in |   32|   ap_none  | knn_set_25_read |    scalar    |
|knn_set_26_read  |  in |   32|   ap_none  | knn_set_26_read |    scalar    |
|knn_set_27_read  |  in |   32|   ap_none  | knn_set_27_read |    scalar    |
|knn_set_28_read  |  in |   32|   ap_none  | knn_set_28_read |    scalar    |
|knn_set_29_read  |  in |   32|   ap_none  | knn_set_29_read |    scalar    |
+-----------------+-----+-----+------------+-----------------+--------------+

