#-----------------------------------------------------------
# xsim v2019.1 (64-bit)
# SW Build 2552052 on Fri May 24 14:49:42 MDT 2019
# IP Build 2548770 on Fri May 24 18:01:18 MDT 2019
# Start of session at: Sun Apr 11 18:18:22 2021
# Process ID: 11108
# Current directory: C:/Users/Shivank/Downloads/Sem2/VLSI/digit-recognition/digit_t1/area/sim/verilog
# Command line: xsim.exe -mode tcl -source {xsim.dir/DigitRec/xsim_script.tcl}
# Log file: C:/Users/Shivank/Downloads/Sem2/VLSI/digit-recognition/digit_t1/area/sim/verilog/xsim.log
# Journal file: C:/Users/Shivank/Downloads/Sem2/VLSI/digit-recognition/digit_t1/area/sim/verilog\xsim.jou
#-----------------------------------------------------------
source xsim.dir/DigitRec/xsim_script.tcl
# xsim {DigitRec} -autoloadwcfg -tclbatch {DigitRec.tcl}
Vivado Simulator 2019.1
Time resolution is 1 ps
source DigitRec.tcl
## run all
////////////////////////////////////////////////////////////////////////////////////
// Inter-Transaction Progress: Completed Transaction / Total Transaction
// Intra-Transaction Progress: Measured Latency / Latency Estimation * 100%
//
// RTL Simulation : "Inter-Transaction Progress" ["Intra-Transaction Progress"] @ "Simulation Time"
////////////////////////////////////////////////////////////////////////////////////
// RTL Simulation : 0 / 1 [0.00%] @ "125000"
// RTL Simulation : 0 / 1 [0.47%] @ "100000145000"
// RTL Simulation : 0 / 1 [0.93%] @ "200000155000"
// RTL Simulation : 0 / 1 [1.40%] @ "300000165000"
// RTL Simulation : 0 / 1 [1.86%] @ "400000175000"
// RTL Simulation : 0 / 1 [2.33%] @ "500000185000"
// RTL Simulation : 1 / 1 [100.00%] @ "544440185000"
////////////////////////////////////////////////////////////////////////////////////
$finish called at time : 544440225 ns : File "C:/Users/Shivank/Downloads/Sem2/VLSI/digit-recognition/digit_t1/area/sim/verilog/DigitRec.autotb.v" Line 385
run: Time (s): cpu = 00:00:00 ; elapsed = 00:05:12 . Memory (MB): peak = 220.652 ; gain = 0.000
## quit
INFO: [Common 17-206] Exiting xsim at Sun Apr 11 18:23:50 2021...
