

================================================================
== Vivado HLS Report for 'knn_vote'
================================================================
* Date:           Sat Apr 10 17:38:24 2021

* Version:        2019.1 (Build 2552052 on Fri May 24 15:28:33 MDT 2019)
* Project:        digit_t1
* Solution:       base
* Product family: kintexuplus
* Target device:  xcku5p-ffvb676-2-e


================================================================
== Performance Estimates
================================================================
+ Timing (ns): 
    * Summary: 
    +--------+-------+----------+------------+
    |  Clock | Target| Estimated| Uncertainty|
    +--------+-------+----------+------------+
    |ap_clk  |  10.00|     3.017|        1.25|
    +--------+-------+----------+------------+

+ Latency (clock cycles): 
    * Summary: 
    +-----+-----+-----+-----+---------+
    |  Latency  |  Interval | Pipeline|
    | min | max | min | max |   Type  |
    +-----+-----+-----+-----+---------+
    |  364|  364|  364|  364|   none  |
    +-----+-----+-----+-----+---------+

    + Detail: 
        * Instance: 
        N/A

        * Loop: 
        +---------------------------+-----+-----+----------+-----------+-----------+------+----------+
        |                           |  Latency  | Iteration|  Initiation Interval  | Trip |          |
        |         Loop Name         | min | max |  Latency |  achieved |   target  | Count| Pipelined|
        +---------------------------+-----+-----+----------+-----------+-----------+------+----------+
        |- INIT_1                   |    3|    3|         1|          -|          -|     3|    no    |
        |- INIT_2                   |   10|   10|         1|          -|          -|    10|    no    |
        |- LANES                    |  320|  320|        32|          -|          -|    10|    no    |
        | + INSERTION_SORT_OUTER    |   30|   30|        10|          -|          -|     3|    no    |
        |  ++ INSERTION_SORT_INNER  |    3|    3|         1|          -|          -|     3|    no    |
        |  ++ INSERT                |    3|    3|         1|          -|          -|     3|    no    |
        |- INCREMENT                |    6|    6|         2|          -|          -|     3|    no    |
        |- VOTE                     |   20|   20|         2|          -|          -|    10|    no    |
        +---------------------------+-----+-----+----------+-----------+-----------+------+----------+



================================================================
== Utilization Estimates
================================================================
* Summary: 
+-----------------+---------+-------+--------+--------+-----+
|       Name      | BRAM_18K| DSP48E|   FF   |   LUT  | URAM|
+-----------------+---------+-------+--------+--------+-----+
|DSP              |        -|      -|       -|       -|    -|
|Expression       |        -|      -|       0|    1446|    -|
|FIFO             |        -|      -|       -|       -|    -|
|Instance         |        -|      -|       0|      26|    -|
|Memory           |        0|      -|      64|       5|    0|
|Multiplexer      |        -|      -|       -|     251|    -|
|Register         |        -|      -|     335|       -|    -|
+-----------------+---------+-------+--------+--------+-----+
|Total            |        0|      0|     399|    1728|    0|
+-----------------+---------+-------+--------+--------+-----+
|Available        |      960|   1824|  433920|  216960|   64|
+-----------------+---------+-------+--------+--------+-----+
|Utilization (%)  |        0|      0|   ~0   |   ~0   |    0|
+-----------------+---------+-------+--------+--------+-----+

+ Detail: 
    * Instance: 
    +-------------------------+----------------------+---------+-------+---+----+-----+
    |         Instance        |        Module        | BRAM_18K| DSP48E| FF| LUT| URAM|
    +-------------------------+----------------------+---------+-------+---+----+-----+
    |DigitRec_mux_32_3bkb_U1  |DigitRec_mux_32_3bkb  |        0|      0|  0|  13|    0|
    |DigitRec_mux_32_3bkb_U2  |DigitRec_mux_32_3bkb  |        0|      0|  0|  13|    0|
    +-------------------------+----------------------+---------+-------+---+----+-----+
    |Total                    |                      |        0|      0|  0|  26|    0|
    +-------------------------+----------------------+---------+-------+---+----+-----+

    * DSP48E: 
    N/A

    * Memory: 
    +-------------+--------------------+---------+----+----+-----+------+-----+------+-------------+
    |    Memory   |       Module       | BRAM_18K| FF | LUT| URAM| Words| Bits| Banks| W*Bits*Banks|
    +-------------+--------------------+---------+----+----+-----+------+-----+------+-------------+
    |vote_list_U  |knn_vote_vote_list  |        0|  64|   5|    0|    10|   32|     1|          320|
    +-------------+--------------------+---------+----+----+-----+------+-----+------+-------------+
    |Total        |                    |        0|  64|   5|    0|    10|   32|     1|          320|
    +-------------+--------------------+---------+----+----+-----+------+-----+------+-------------+

    * FIFO: 
    N/A

    * Expression: 
    +----------------------------------+----------+-------+---+----+------------+------------+
    |           Variable Name          | Operation| DSP48E| FF| LUT| Bitwidth P0| Bitwidth P1|
    +----------------------------------+----------+-------+---+----+------------+------------+
    |add_ln105_fu_461_p2               |     +    |      0|  0|  15|           7|           7|
    |add_ln129_fu_899_p2               |     +    |      0|  0|  39|          32|           1|
    |i_1_fu_372_p2                     |     +    |      0|  0|  12|           4|           1|
    |i_2_fu_876_p2                     |     +    |      0|  0|   9|           2|           1|
    |i_3_fu_421_p2                     |     +    |      0|  0|  12|           4|           1|
    |i_4_fu_912_p2                     |     +    |      0|  0|  12|           4|           1|
    |i_fu_330_p2                       |     +    |      0|  0|   9|           2|           1|
    |j_fu_455_p2                       |     +    |      0|  0|   9|           2|           1|
    |r_1_fu_566_p2                     |     +    |      0|  0|   9|           2|           2|
    |r_fu_489_p2                       |     +    |      0|  0|   9|           2|           1|
    |sub_ln105_fu_439_p2               |     -    |      0|  0|  15|           7|           7|
    |icmp_ln102_fu_483_p2              |   icmp   |      0|  0|   8|           2|           2|
    |icmp_ln105_1_fu_522_p2            |   icmp   |      0|  0|  20|          30|           1|
    |icmp_ln105_fu_507_p2              |   icmp   |      0|  0|  20|          32|          32|
    |icmp_ln108_fu_560_p2              |   icmp   |      0|  0|   8|           2|           1|
    |icmp_ln111_fu_576_p2              |   icmp   |      0|  0|  20|          32|          32|
    |icmp_ln113_1_fu_610_p2            |   icmp   |      0|  0|   8|           2|           1|
    |icmp_ln113_fu_582_p2              |   icmp   |      0|  0|   9|           2|           3|
    |icmp_ln116_fu_596_p2              |   icmp   |      0|  0|  20|          32|          32|
    |icmp_ln118_1_fu_554_p2            |   icmp   |      0|  0|   8|           2|           1|
    |icmp_ln118_fu_548_p2              |   icmp   |      0|  0|   8|           2|           1|
    |icmp_ln126_fu_870_p2              |   icmp   |      0|  0|   8|           2|           2|
    |icmp_ln136_fu_906_p2              |   icmp   |      0|  0|   9|           4|           4|
    |icmp_ln139_fu_928_p2              |   icmp   |      0|  0|  20|          32|          32|
    |icmp_ln81_fu_324_p2               |   icmp   |      0|  0|   8|           2|           2|
    |icmp_ln88_fu_366_p2               |   icmp   |      0|  0|   9|           4|           4|
    |icmp_ln96_fu_415_p2               |   icmp   |      0|  0|   9|           4|           4|
    |icmp_ln98_fu_449_p2               |   icmp   |      0|  0|   8|           2|           2|
    |label_list_2_10_fu_718_p3         |  select  |      0|  0|  32|           1|          32|
    |label_list_2_11_fu_725_p3         |  select  |      0|  0|  32|           1|          32|
    |label_list_2_12_fu_731_p3         |  select  |      0|  0|  32|           1|          32|
    |label_list_2_13_fu_738_p3         |  select  |      0|  0|  32|           1|          32|
    |label_list_2_14_fu_744_p3         |  select  |      0|  0|  32|           1|          32|
    |label_list_2_15_fu_752_p3         |  select  |      0|  0|  32|           1|          32|
    |label_list_2_16_fu_760_p3         |  select  |      0|  0|  32|           1|          32|
    |label_list_2_17_fu_792_p3         |  select  |      0|  0|  32|           1|          32|
    |label_list_2_18_fu_800_p3         |  select  |      0|  0|  32|           1|          32|
    |label_list_2_19_fu_808_p3         |  select  |      0|  0|  32|           1|          32|
    |label_list_2_20_fu_640_p3         |  select  |      0|  0|  32|           1|          32|
    |label_list_2_5_fu_688_p3          |  select  |      0|  0|  32|           1|          32|
    |label_list_2_6_fu_696_p3          |  select  |      0|  0|  32|           1|          32|
    |label_list_2_7_fu_704_p3          |  select  |      0|  0|  32|           1|          32|
    |label_list_2_9_fu_712_p3          |  select  |      0|  0|  32|           1|          32|
    |label_list_2_fu_680_p3            |  select  |      0|  0|  32|           1|          32|
    |min_distance_list_2_10_fu_654_p3  |  select  |      0|  0|  32|           1|          32|
    |min_distance_list_2_11_fu_661_p3  |  select  |      0|  0|  32|           1|          32|
    |min_distance_list_2_12_fu_667_p3  |  select  |      0|  0|  32|           1|          32|
    |min_distance_list_2_13_fu_674_p3  |  select  |      0|  0|  32|           1|          32|
    |min_distance_list_2_14_fu_768_p3  |  select  |      0|  0|  32|           1|          32|
    |min_distance_list_2_15_fu_776_p3  |  select  |      0|  0|  32|           1|          32|
    |min_distance_list_2_16_fu_784_p3  |  select  |      0|  0|  32|           1|          32|
    |min_distance_list_2_17_fu_816_p3  |  select  |      0|  0|  32|           1|          32|
    |min_distance_list_2_18_fu_824_p3  |  select  |      0|  0|  32|           1|          32|
    |min_distance_list_2_19_fu_832_p3  |  select  |      0|  0|  32|           1|          32|
    |min_distance_list_2_20_fu_588_p3  |  select  |      0|  0|  32|           1|          32|
    |min_distance_list_2_5_fu_616_p3   |  select  |      0|  0|  32|           1|          32|
    |min_distance_list_2_6_fu_624_p3   |  select  |      0|  0|  32|           1|          32|
    |min_distance_list_2_7_fu_632_p3   |  select  |      0|  0|  32|           1|          32|
    |min_distance_list_2_9_fu_648_p3   |  select  |      0|  0|  32|           1|          32|
    |min_distance_list_2_fu_602_p3     |  select  |      0|  0|  32|           1|          32|
    |phitmp_fu_528_p3                  |  select  |      0|  0|  32|           1|          32|
    |pos_fu_536_p3                     |  select  |      0|  0|  32|           1|          32|
    |select_ln139_fu_938_p3            |  select  |      0|  0|   8|           1|           8|
    +----------------------------------+----------+-------+---+----+------------+------------+
    |Total                             |          |      0|  0|1446|         291|        1276|
    +----------------------------------+----------+-------+---+----+------------+------------+

    * Multiplexer: 
    +------------------------------+----+-----------+-----+-----------+
    |             Name             | LUT| Input Size| Bits| Total Bits|
    +------------------------------+----+-----------+-----+-----------+
    |ap_NS_fsm                     |  56|         13|    1|         13|
    |ap_return                     |   9|          2|    8|         16|
    |i1_0_reg_186                  |   9|          2|    4|          8|
    |i4_0_reg_253                  |   9|          2|    2|          4|
    |i5_0_reg_276                  |   9|          2|    4|          8|
    |i_0_reg_175                   |   9|          2|    2|          4|
    |j_0_reg_208                   |   9|          2|    2|          4|
    |label_list_2_1_fu_112         |   9|          2|   32|         64|
    |label_list_2_21_reg_197       |   9|          2|    4|          8|
    |label_list_2_2_fu_120         |   9|          2|   32|         64|
    |label_list_2_3_fu_116         |   9|          2|   32|         64|
    |max_vote_0_reg_264            |   9|          2|    8|         16|
    |min_distance_list_2_1_fu_100  |   9|          2|   32|         64|
    |min_distance_list_2_2_fu_108  |   9|          2|   32|         64|
    |min_distance_list_2_3_fu_104  |   9|          2|   32|         64|
    |pos_0_reg_230                 |   9|          2|   32|         64|
    |r3_0_reg_242                  |   9|          2|    2|          4|
    |r_0_reg_219                   |   9|          2|    2|          4|
    |vote_list_address0            |  27|          5|    4|         20|
    |vote_list_d0                  |  15|          3|   32|         96|
    +------------------------------+----+-----------+-----+-----------+
    |Total                         | 251|         55|  299|        653|
    +------------------------------+----+-----------+-----+-----------+

    * Register: 
    +---------------------------------+----+----+-----+-----------+
    |               Name              | FF | LUT| Bits| Const Bits|
    +---------------------------------+----+----+-----+-----------+
    |ap_CS_fsm                        |  12|   0|   12|          0|
    |ap_return_preg                   |   8|   0|    8|          0|
    |i1_0_reg_186                     |   4|   0|    4|          0|
    |i4_0_reg_253                     |   2|   0|    2|          0|
    |i5_0_reg_276                     |   4|   0|    4|          0|
    |i_0_reg_175                      |   2|   0|    2|          0|
    |i_2_reg_1153                     |   2|   0|    2|          0|
    |i_3_reg_1080                     |   4|   0|    4|          0|
    |i_4_reg_1166                     |   4|   0|    4|          0|
    |icmp_ln118_1_reg_1132            |   1|   0|    1|          0|
    |icmp_ln118_reg_1124              |   1|   0|    1|          0|
    |j_0_reg_208                      |   2|   0|    2|          0|
    |j_reg_1093                       |   2|   0|    2|          0|
    |label_list_2_1_fu_112            |  32|   0|   32|          0|
    |label_list_2_21_reg_197          |   4|   0|    4|          0|
    |label_list_2_2_fu_120            |  32|   0|   32|          0|
    |label_list_2_3_fu_116            |  32|   0|   32|          0|
    |max_vote_0_reg_264               |   8|   0|    8|          0|
    |min_distance_list_2_1_fu_100     |  32|   0|   32|          0|
    |min_distance_list_2_21_reg_1103  |  32|   0|   32|          0|
    |min_distance_list_2_2_fu_108     |  32|   0|   32|          0|
    |min_distance_list_2_3_fu_104     |  32|   0|   32|          0|
    |pos_0_reg_230                    |  32|   0|   32|          0|
    |r3_0_reg_242                     |   2|   0|    2|          0|
    |r_0_reg_219                      |   2|   0|    2|          0|
    |sub_ln105_reg_1085               |   7|   0|    7|          0|
    |vote_list_addr_1_reg_1158        |   4|   0|    4|          0|
    |zext_ln96_reg_1070               |   4|   0|   32|         28|
    +---------------------------------+----+----+-----+-----------+
    |Total                            | 335|   0|  363|         28|
    +---------------------------------+----+----+-----+-----------+



================================================================
== Interface
================================================================
* Summary: 
+------------------+-----+-----+------------+--------------+--------------+
|     RTL Ports    | Dir | Bits|  Protocol  | Source Object|    C Type    |
+------------------+-----+-----+------------+--------------+--------------+
|ap_clk            |  in |    1| ap_ctrl_hs |   knn_vote   | return value |
|ap_rst            |  in |    1| ap_ctrl_hs |   knn_vote   | return value |
|ap_start          |  in |    1| ap_ctrl_hs |   knn_vote   | return value |
|ap_done           | out |    1| ap_ctrl_hs |   knn_vote   | return value |
|ap_idle           | out |    1| ap_ctrl_hs |   knn_vote   | return value |
|ap_ready          | out |    1| ap_ctrl_hs |   knn_vote   | return value |
|ap_return         | out |    8| ap_ctrl_hs |   knn_vote   | return value |
|knn_set_address0  | out |    5|  ap_memory |    knn_set   |     array    |
|knn_set_ce0       | out |    1|  ap_memory |    knn_set   |     array    |
|knn_set_q0        |  in |   11|  ap_memory |    knn_set   |     array    |
+------------------+-----+-----+------------+--------------+--------------+

