

================================================================
== Vivado HLS Report for 'DigitRec'
================================================================
* Date:           Sat Apr 10 19:08:52 2021

* Version:        2019.1 (Build 2552052 on Fri May 24 15:28:33 MDT 2019)
* Project:        digit_t1
* Solution:       area
* Product family: kintexuplus
* Target device:  xcku5p-ffvb676-2-e


================================================================
== Performance Estimates
================================================================
+ Timing (ns): 
    * Summary: 
    +--------+-------+----------+------------+
    |  Clock | Target| Estimated| Uncertainty|
    +--------+-------+----------+------------+
    |ap_clk  |  10.00|     6.474|        1.25|
    +--------+-------+----------+------------+

+ Latency (clock cycles): 
    * Summary: 
    +-------+------------+-------+------------+---------+
    |       Latency      |      Interval      | Pipeline|
    |  min  |     max    |  min  |     max    |   Type  |
    +-------+------------+-------+------------+---------+
    |  36004|  9584410004|  36004|  9584410004|   none  |
    +-------+------------+-------+------------+---------+

    + Detail: 
        * Instance: 
        N/A

        * Loop: 
        +-----------------------------+-------+------------+----------------+-----------+-----------+----------+----------+
        |                             |       Latency      |    Iteration   |  Initiation Interval  |   Trip   |          |
        |          Loop Name          |  min  |     max    |     Latency    |  achieved |   target  |   Count  | Pipelined|
        +-----------------------------+-------+------------+----------------+-----------+-----------+----------+----------+
        |- Loop 1                     |  36000|       36000|               2|          -|          -|     18000|    no    |
        |- Loop 2                     |      0|        4000|               2|          -|          -| 0 ~ 2000 |    no    |
        |- TEST_LOOP                  |      0|  9584366000| 3243 ~ 4792183 |          -|          -| 0 ~ 2000 |    no    |
        | + SET_KNN_SET               |     30|          30|               1|          -|          -|        30|    no    |
        | + TRAINING_LOOP             |   2662|     4791601|            2662|          -|          -| 1 ~ 1800 |    no    |
        |  ++ LANES                   |   2660|        2660|             266|          -|          -|        10|    no    |
        |   +++ LANES.1               |    256|         256|               1|          -|          -|       256|    no    |
        |   +++ FIND_MAX_DIST         |      6|           6|               2|          -|          -|         3|    no    |
        | + INIT_1                    |      3|           3|               1|          -|          -|         3|    no    |
        | + INIT_2                    |     10|          10|               1|          -|          -|        10|    no    |
        | + LANES                     |    500|         500|              50|          -|          -|        10|    no    |
        |  ++ INSERTION_SORT_OUTER    |     48|          48|              16|          -|          -|         3|    no    |
        |   +++ INSERTION_SORT_INNER  |      6|           6|               2|          -|          -|         3|    no    |
        |   +++ INSERT                |      6|           6|               2|          -|          -|         3|    no    |
        | + INCREMENT                 |      9|           9|               3|          -|          -|         3|    no    |
        | + VOTE                      |     20|          20|               2|          -|          -|        10|    no    |
        |- Loop 4                     |      0|        4000|               2|          -|          -| 0 ~ 2000 |    no    |
        +-----------------------------+-------+------------+----------------+-----------+-----------+----------+----------+



================================================================
== Utilization Estimates
================================================================
* Summary: 
+-----------------+---------+-------+--------+--------+-----+
|       Name      | BRAM_18K| DSP48E|   FF   |   LUT  | URAM|
+-----------------+---------+-------+--------+--------+-----+
|DSP              |        -|      -|       -|       -|    -|
|Expression       |        -|      4|       0|    1569|    -|
|FIFO             |        -|      -|       -|       -|    -|
|Instance         |        -|      -|       -|       -|    -|
|Memory           |      289|      -|      22|       6|    0|
|Multiplexer      |        -|      -|       -|     589|    -|
|Register         |        -|      -|    1176|       -|    -|
+-----------------+---------+-------+--------+--------+-----+
|Total            |      289|      4|    1198|    2164|    0|
+-----------------+---------+-------+--------+--------+-----+
|Available        |      960|   1824|  433920|  216960|   64|
+-----------------+---------+-------+--------+--------+-----+
|Utilization (%)  |       30|   ~0  |   ~0   |   ~0   |    0|
+-----------------+---------+-------+--------+--------+-----+

+ Detail: 
    * Instance: 
    N/A

    * DSP48E: 
    N/A

    * Memory: 
    +------------------+----------------------+---------+----+----+-----+-------+-----+------+-------------+
    |      Memory      |        Module        | BRAM_18K| FF | LUT| URAM| Words | Bits| Banks| W*Bits*Banks|
    +------------------+----------------------+---------+----+----+-----+-------+-----+------+-------------+
    |array3_U          |DigitRec_array3       |        2|   0|   0|    0|     16|   32|     1|          512|
    |knn_set_U         |DigitRec_knn_set      |        0|  22|   6|    0|     30|   11|     1|          330|
    |results_U         |DigitRec_results      |        1|   0|   0|    0|   2000|    8|     1|        16000|
    |test_set_V_U      |DigitRec_test_set_V   |       29|   0|   0|    0|   2000|  256|     1|       512000|
    |training_set_V_U  |DigitRec_trainingbkb  |      257|   0|   0|    0|  18000|  256|     1|      4608000|
    +------------------+----------------------+---------+----+----+-----+-------+-----+------+-------------+
    |Total             |                      |      289|  22|   6|    0|  22046|  563|     5|      5136842|
    +------------------+----------------------+---------+----+----+-----+-------+-----+------+-------------+

    * FIFO: 
    N/A

    * Expression: 
    +--------------------------+----------+-------+---+-----+------------+------------+
    |       Variable Name      | Operation| DSP48E| FF| LUT | Bitwidth P0| Bitwidth P1|
    +--------------------------+----------+-------+---+-----+------------+------------+
    |mul_ln178_fu_753_p2       |     *    |      4|  0|   21|          32|          33|
    |add_ln100_fu_1162_p2      |     +    |      0|  0|   15|           7|           7|
    |add_ln108_1_fu_1322_p2    |     +    |      0|  0|   11|           2|           3|
    |add_ln108_fu_1300_p2      |     +    |      0|  0|   11|           2|           3|
    |add_ln111_fu_1210_p2      |     +    |      0|  0|   15|           2|           6|
    |add_ln120_1_fu_1354_p2    |     +    |      0|  0|   11|           2|           3|
    |add_ln120_2_fu_1369_p2    |     +    |      0|  0|   15|           3|           6|
    |add_ln120_fu_1380_p2      |     +    |      0|  0|   39|           1|          32|
    |add_ln129_1_fu_1414_p2    |     +    |      0|  0|   15|           3|           6|
    |add_ln129_fu_1399_p2      |     +    |      0|  0|   12|           3|           4|
    |add_ln195_fu_1022_p2      |     +    |      0|  0|   22|          15|          11|
    |add_ln199_fu_898_p2       |     +    |      0|  0|   22|          15|          15|
    |add_ln321_fu_739_p2       |     +    |      0|  0|   23|          15|          16|
    |add_ln43_fu_988_p2        |     +    |      0|  0|   15|           6|           6|
    |add_ln51_fu_1007_p2       |     +    |      0|  0|   15|           6|           6|
    |add_ln84_fu_1074_p2       |     +    |      0|  0|   11|           3|           2|
    |add_ln89_fu_1097_p2       |     +    |      0|  0|   12|           4|           3|
    |cnt_fu_958_p2             |     +    |      0|  0|   16|           9|           9|
    |i_10_fu_1393_p2           |     +    |      0|  0|   12|           4|           1|
    |i_1_fu_729_p2             |     +    |      0|  0|   38|          31|           1|
    |i_2_fu_851_p2             |     +    |      0|  0|   15|           5|           1|
    |i_3_fu_1452_p2            |     +    |      0|  0|   38|          31|           1|
    |i_4_fu_876_p2             |     +    |      0|  0|   18|          11|           1|
    |i_5_fu_941_p2             |     +    |      0|  0|   16|           9|           1|
    |i_6_fu_1059_p2            |     +    |      0|  0|    9|           2|           1|
    |i_7_fu_1091_p2            |     +    |      0|  0|   12|           4|           1|
    |i_8_fu_1344_p2            |     +    |      0|  0|    9|           2|           1|
    |i_9_fu_1118_p2            |     +    |      0|  0|   12|           4|           1|
    |i_fu_709_p2               |     +    |      0|  0|   22|          15|           1|
    |iter_cnt_fu_814_p2        |     +    |      0|  0|   36|          29|           2|
    |j_1_fu_1156_p2            |     +    |      0|  0|    9|           2|           1|
    |j_fu_892_p2               |     +    |      0|  0|   12|           4|           1|
    |k_fu_978_p2               |     +    |      0|  0|    9|           2|           1|
    |r_1_fu_1263_p2            |     +    |      0|  0|    9|           2|           2|
    |r_fu_1190_p2              |     +    |      0|  0|    9|           2|           1|
    |t_fu_834_p2               |     +    |      0|  0|   38|          31|           1|
    |sub_ln100_fu_1136_p2      |     -    |      0|  0|   15|           7|           7|
    |sub_ln1357_fu_916_p2      |     -    |      0|  0|   15|           6|           6|
    |sub_ln178_1_fu_800_p2     |     -    |      0|  0|   36|           1|          29|
    |sub_ln178_fu_759_p2       |     -    |      0|  0|   72|           1|          65|
    |icmp_ln100_1_fu_1236_p2   |   icmp   |      0|  0|   20|          30|           1|
    |icmp_ln100_fu_1221_p2     |   icmp   |      0|  0|   20|          32|          32|
    |icmp_ln104_fu_1257_p2     |   icmp   |      0|  0|    8|           2|           1|
    |icmp_ln106_fu_1273_p2     |   icmp   |      0|  0|   20|          32|          32|
    |icmp_ln109_fu_1279_p2     |   icmp   |      0|  0|   20|          32|          32|
    |icmp_ln118_fu_1338_p2     |   icmp   |      0|  0|    8|           2|           2|
    |icmp_ln127_fu_1387_p2     |   icmp   |      0|  0|    9|           4|           4|
    |icmp_ln129_fu_1425_p2     |   icmp   |      0|  0|   20|          32|          32|
    |icmp_ln165_fu_703_p2      |   icmp   |      0|  0|   13|          15|          15|
    |icmp_ln172_fu_724_p2      |   icmp   |      0|  0|   20|          32|          32|
    |icmp_ln17_fu_935_p2       |   icmp   |      0|  0|   13|           9|          10|
    |icmp_ln181_fu_829_p2      |   icmp   |      0|  0|   20|          32|          32|
    |icmp_ln187_fu_845_p2      |   icmp   |      0|  0|   11|           5|           3|
    |icmp_ln193_fu_870_p2      |   icmp   |      0|  0|   13|          11|           9|
    |icmp_ln195_fu_886_p2      |   icmp   |      0|  0|    9|           4|           4|
    |icmp_ln205_fu_922_p2      |   icmp   |      0|  0|   20|          29|          29|
    |icmp_ln215_fu_1447_p2     |   icmp   |      0|  0|   20|          32|          32|
    |icmp_ln42_fu_972_p2       |   icmp   |      0|  0|    8|           2|           2|
    |icmp_ln43_fu_1032_p2      |   icmp   |      0|  0|   20|          32|          32|
    |icmp_ln50_fu_998_p2       |   icmp   |      0|  0|   20|          32|          32|
    |icmp_ln81_fu_1053_p2      |   icmp   |      0|  0|    8|           2|           2|
    |icmp_ln87_fu_1085_p2      |   icmp   |      0|  0|    9|           4|           4|
    |icmp_ln94_fu_1112_p2      |   icmp   |      0|  0|    9|           4|           4|
    |icmp_ln95_fu_1150_p2      |   icmp   |      0|  0|    8|           2|           2|
    |icmp_ln98_fu_1184_p2      |   icmp   |      0|  0|    8|           2|           2|
    |phitmp_i_fu_1242_p3       |  select  |      0|  0|   32|           1|          32|
    |pos_fu_1249_p3            |  select  |      0|  0|   32|           1|          32|
    |select_ln129_fu_1435_p3   |  select  |      0|  0|    8|           1|           8|
    |select_ln178_1_fu_806_p3  |  select  |      0|  0|   29|           1|          29|
    |select_ln178_fu_792_p3    |  select  |      0|  0|   29|           1|          29|
    |select_ln43_1_fu_1046_p3  |  select  |      0|  0|   32|           1|          32|
    |select_ln43_fu_1038_p3    |  select  |      0|  0|   32|           1|          32|
    |ret_V_fu_926_p2           |    xor   |      0|  0|  256|         256|         256|
    |xor_ln107_fu_1285_p2      |    xor   |      0|  0|    3|           2|           3|
    +--------------------------+----------+-------+---+-----+------------+------------+
    |Total                     |          |      4|  0| 1569|        1015|        1133|
    +--------------------------+----------+-------+---+-----+------------+------------+

    * Multiplexer: 
    +-------------------------+-----+-----------+-----+-----------+
    |           Name          | LUT | Input Size| Bits| Total Bits|
    +-------------------------+-----+-----------+-----+-----------+
    |ap_NS_fsm                |  141|         31|    1|         31|
    |array3_address0          |   44|          9|    4|         36|
    |array3_address1          |   41|          8|    4|         32|
    |array3_d0                |   33|          6|   32|        192|
    |array3_d1                |   21|          4|   32|        128|
    |array4_address0          |   15|          3|   15|         45|
    |bvh_d_index_reg_532      |    9|          2|    9|         18|
    |dist_reg_520             |    9|          2|    9|         18|
    |i1_0_i_reg_589           |    9|          2|    4|          8|
    |i1_0_reg_452             |    9|          2|   31|         62|
    |i2_0_i_reg_600           |    9|          2|    4|          8|
    |i2_0_reg_475             |    9|          2|    5|         10|
    |i3_0_reg_486             |    9|          2|   11|         22|
    |i4_0_i_reg_656           |    9|          2|    2|          4|
    |i4_0_reg_692             |    9|          2|   31|         62|
    |i5_0_i_reg_680           |    9|          2|    4|          8|
    |i_0_i_reg_578            |    9|          2|    2|          4|
    |i_0_reg_441              |    9|          2|   15|         30|
    |indvars_iv_reg_497       |    9|          2|   15|         30|
    |j_0_i_reg_611            |    9|          2|    2|          4|
    |j_0_reg_509              |    9|          2|    4|          8|
    |knn_set_address0         |   27|          5|    5|         25|
    |knn_set_d0               |   15|          3|   11|         33|
    |max_dist_0_i_reg_543     |    9|          2|   32|         64|
    |max_dist_id_0_i_reg_555  |    9|          2|   32|         64|
    |max_dist_id_reg_567      |    9|          2|    2|          4|
    |max_vote_reg_667         |    9|          2|    8|         16|
    |pos_0_i_reg_633          |    9|          2|   32|         64|
    |r3_0_i_reg_645           |    9|          2|    2|          4|
    |r_0_i_reg_622            |    9|          2|    2|          4|
    |results_address0         |   15|          3|   11|         33|
    |t_0_reg_464              |    9|          2|   31|         62|
    |test_set_V_address0      |   15|          3|   11|         33|
    |training_set_V_address0  |   15|          3|   15|         45|
    +-------------------------+-----+-----------+-----+-----------+
    |Total                    |  589|        124|  430|       1211|
    +-------------------------+-----+-----------+-----+-----------+

    * Register: 
    +--------------------------+-----+----+-----+-----------+
    |           Name           |  FF | LUT| Bits| Const Bits|
    +--------------------------+-----+----+-----+-----------+
    |ap_CS_fsm                 |   30|   0|   30|          0|
    |array3_addr_4_reg_1769    |    4|   0|    4|          0|
    |array3_addr_7_reg_1714    |    4|   0|    4|          0|
    |array3_addr_8_reg_1719    |    4|   0|    4|          0|
    |bvh_d_index_reg_532       |    9|   0|    9|          0|
    |dist_reg_520              |    9|   0|    9|          0|
    |i1_0_i_reg_589            |    4|   0|    4|          0|
    |i1_0_reg_452              |   31|   0|   31|          0|
    |i2_0_i_reg_600            |    4|   0|    4|          0|
    |i2_0_reg_475              |    5|   0|    5|          0|
    |i3_0_reg_486              |   11|   0|   11|          0|
    |i4_0_i_reg_656            |    2|   0|    2|          0|
    |i4_0_reg_692              |   31|   0|   31|          0|
    |i5_0_i_reg_680            |    4|   0|    4|          0|
    |i_0_i_reg_578             |    2|   0|    2|          0|
    |i_0_reg_441               |   15|   0|   15|          0|
    |i_10_reg_1778             |    4|   0|    4|          0|
    |i_1_reg_1497              |   31|   0|   31|          0|
    |i_3_reg_1801              |   31|   0|   31|          0|
    |i_4_reg_1557              |   11|   0|   11|          0|
    |i_8_reg_1759              |    2|   0|    2|          0|
    |i_9_reg_1662              |    4|   0|    4|          0|
    |i_reg_1479                |   15|   0|   15|          0|
    |icmp_ln106_reg_1739       |    1|   0|    1|          0|
    |icmp_ln193_reg_1553       |    1|   0|    1|          0|
    |indvars_iv_reg_497        |   15|   0|   15|          0|
    |iter_cnt_reg_1507         |   29|   0|   29|          0|
    |j_0_i_reg_611             |    2|   0|    2|          0|
    |j_0_reg_509               |    4|   0|    4|          0|
    |j_1_reg_1680              |    2|   0|    2|          0|
    |j_reg_1565                |    4|   0|    4|          0|
    |k_reg_1615                |    2|   0|    2|          0|
    |max_dist_0_i_reg_543      |   32|   0|   32|          0|
    |max_dist_id_0_i_reg_555   |   32|   0|   32|          0|
    |max_dist_id_reg_567       |    2|   0|    2|          0|
    |max_vote_reg_667          |    8|   0|    8|          0|
    |pos_0_i_reg_633           |   32|   0|   32|          0|
    |r3_0_i_reg_645            |    2|   0|    2|          0|
    |r_0_i_reg_622             |    2|   0|    2|          0|
    |r_1_reg_1732              |    2|   0|    2|          0|
    |r_reg_1704                |    2|   0|    2|          0|
    |ret_V_reg_1584            |  256|   0|  256|          0|
    |sext_ln100_1_reg_1690     |   32|   0|   32|          0|
    |sub_ln100_reg_1667        |    7|   0|    7|          0|
    |sub_ln1357_reg_1575       |    6|   0|    6|          0|
    |t_0_reg_464               |   31|   0|   31|          0|
    |t_reg_1515                |   31|   0|   31|          0|
    |test_instance_V_reg_1530  |  256|   0|  256|          0|
    |zext_ln111_reg_1672       |    4|   0|   32|         28|
    |zext_ln168_reg_1484       |   15|   0|   64|         49|
    |zext_ln184_reg_1520       |   31|   0|   64|         33|
    |zext_ln193_1_reg_1548     |   11|   0|   29|         18|
    |zext_ln193_reg_1543       |   11|   0|   15|          4|
    |zext_ln218_reg_1806       |   31|   0|   64|         33|
    |zext_ln35_reg_1602        |    9|   0|   32|         23|
    |zext_ln45_reg_1607        |    2|   0|   32|         30|
    |zext_ln98_reg_1696        |    2|   0|   32|         30|
    +--------------------------+-----+----+-----+-----------+
    |Total                     | 1176|   0| 1424|        248|
    +--------------------------+-----+----+-----+-----------+



================================================================
== Interface
================================================================
* Summary: 
+-------------------------+-----+-----+------------+----------------+--------------+
|        RTL Ports        | Dir | Bits|  Protocol  |  Source Object |    C Type    |
+-------------------------+-----+-----+------------+----------------+--------------+
|ap_clk                   |  in |    1| ap_ctrl_hs |    DigitRec    | return value |
|ap_rst                   |  in |    1| ap_ctrl_hs |    DigitRec    | return value |
|ap_start                 |  in |    1| ap_ctrl_hs |    DigitRec    | return value |
|ap_done                  | out |    1| ap_ctrl_hs |    DigitRec    | return value |
|ap_idle                  | out |    1| ap_ctrl_hs |    DigitRec    | return value |
|ap_ready                 | out |    1| ap_ctrl_hs |    DigitRec    | return value |
|array4_address0          | out |   15|  ap_memory |     array4     |     array    |
|array4_ce0               | out |    1|  ap_memory |     array4     |     array    |
|array4_q0                |  in |  256|  ap_memory |     array4     |     array    |
|global_results_address0  | out |   11|  ap_memory | global_results |     array    |
|global_results_ce0       | out |    1|  ap_memory | global_results |     array    |
|global_results_we0       | out |    1|  ap_memory | global_results |     array    |
|global_results_d0        | out |    8|  ap_memory | global_results |     array    |
|num_training             |  in |   32|   ap_none  |  num_training  |    scalar    |
|num_test                 |  in |   32|   ap_none  |    num_test    |    scalar    |
+-------------------------+-----+-----+------------+----------------+--------------+

